[ 2017-03-17T09:11:36+08:00 ] ::1 /
INFO: [ app_init ] --START--
INFO: Run Behavior\BuildLiteBehavior [ RunTime:0.000000s ]
INFO: [ app_init ] --END-- [ RunTime:0.000000s ]
INFO: [ app_begin ] --START--
INFO: Run Behavior\ReadHtmlCacheBehavior [ RunTime:0.001000s ]
INFO: [ app_begin ] --END-- [ RunTime:0.001000s ]
INFO: [ view_parse ] --START--
INFO: [ template_filter ] --START--
INFO: Run Behavior\ContentReplaceBehavior [ RunTime:0.000000s ]
INFO: [ template_filter ] --END-- [ RunTime:0.000000s ]
INFO: Run Behavior\ParseTemplateBehavior [ RunTime:0.006001s ]
INFO: [ view_parse ] --END-- [ RunTime:0.006001s ]
INFO: [ view_filter ] --START--
INFO: Run Behavior\WriteHtmlCacheBehavior [ RunTime:0.000000s ]
INFO: [ view_filter ] --END-- [ RunTime:0.000000s ]
INFO: [ app_end ] --START--
INFO: Run Behavior\ShowPageTraceBehavior [ RunTime:0.001000s ]
INFO: [ app_end ] --END-- [ RunTime:0.001000s ]

[ 2017-03-17T09:15:00+08:00 ] ::1 /admin
INFO: [ app_init ] --START--
INFO: Run Behavior\BuildLiteBehavior [ RunTime:0.000000s ]
INFO: [ app_init ] --END-- [ RunTime:0.000000s ]
INFO: [ app_begin ] --START--
INFO: Run Behavior\ReadHtmlCacheBehavior [ RunTime:0.000000s ]
INFO: [ app_begin ] --END-- [ RunTime:0.000000s ]
ERR: 无法加载控制器:Admin

[ 2017-03-17T09:15:39+08:00 ] ::1 /admin
INFO: [ app_init ] --START--
INFO: Run Behavior\BuildLiteBehavior [ RunTime:0.000000s ]
INFO: [ app_init ] --END-- [ RunTime:0.000000s ]
INFO: [ app_begin ] --START--
INFO: Run Behavior\ReadHtmlCacheBehavior [ RunTime:0.001000s ]
INFO: [ app_begin ] --END-- [ RunTime:0.001000s ]
ERR: 无法加载控制器:Admin

[ 2017-03-17T09:16:22+08:00 ] ::1 /admin
INFO: [ app_init ] --START--
INFO: Run Behavior\BuildLiteBehavior [ RunTime:0.000000s ]
INFO: [ app_init ] --END-- [ RunTime:0.001000s ]
INFO: [ app_begin ] --START--
INFO: Run Behavior\ReadHtmlCacheBehavior [ RunTime:0.001000s ]
INFO: [ app_begin ] --END-- [ RunTime:0.001000s ]
ERR: 无法加载控制器:Admin

[ 2017-03-17T09:17:07+08:00 ] ::1 /admin
INFO: [ app_init ] --START--
INFO: Run Behavior\BuildLiteBehavior [ RunTime:0.000000s ]
INFO: [ app_init ] --END-- [ RunTime:0.000000s ]
INFO: [ app_begin ] --START--
INFO: Run Behavior\ReadHtmlCacheBehavior [ RunTime:0.001000s ]
INFO: [ app_begin ] --END-- [ RunTime:0.001000s ]
ERR: 无法加载控制器:Admin

[ 2017-03-17T09:19:05+08:00 ] ::1 /admin
INFO: [ app_init ] --START--
INFO: Run Behavior\BuildLiteBehavior [ RunTime:0.000000s ]
INFO: [ app_init ] --END-- [ RunTime:0.000000s ]
INFO: [ app_begin ] --START--
INFO: Run Behavior\ReadHtmlCacheBehavior [ RunTime:0.000000s ]
INFO: [ app_begin ] --END-- [ RunTime:0.000000s ]
ERR: 无法加载控制器:Admin

[ 2017-03-17T09:19:38+08:00 ] ::1 /
INFO: [ app_init ] --START--
INFO: Run Behavior\BuildLiteBehavior [ RunTime:0.000000s ]
INFO: [ app_init ] --END-- [ RunTime:0.001000s ]
INFO: [ app_begin ] --START--
INFO: Run Behavior\ReadHtmlCacheBehavior [ RunTime:0.000000s ]
INFO: [ app_begin ] --END-- [ RunTime:0.001000s ]
INFO: [ view_parse ] --START--
INFO: Run Behavior\ParseTemplateBehavior [ RunTime:0.001000s ]
INFO: [ view_parse ] --END-- [ RunTime:0.001000s ]
INFO: [ view_filter ] --START--
INFO: Run Behavior\WriteHtmlCacheBehavior [ RunTime:0.000000s ]
INFO: [ view_filter ] --END-- [ RunTime:0.000000s ]
INFO: [ app_end ] --START--
INFO: Run Behavior\ShowPageTraceBehavior [ RunTime:0.001000s ]
INFO: [ app_end ] --END-- [ RunTime:0.001000s ]

[ 2017-03-17T09:19:44+08:00 ] ::1 /admin
INFO: [ app_init ] --START--
INFO: Run Behavior\BuildLiteBehavior [ RunTime:0.000000s ]
INFO: [ app_init ] --END-- [ RunTime:0.001000s ]
INFO: [ app_begin ] --START--
INFO: Run Behavior\ReadHtmlCacheBehavior [ RunTime:0.000000s ]
INFO: [ app_begin ] --END-- [ RunTime:0.000000s ]
ERR: 无法加载控制器:Admin

[ 2017-03-17T09:21:56+08:00 ] ::1 /admin
INFO: [ app_init ] --START--
INFO: Run Behavior\BuildLiteBehavior [ RunTime:0.000000s ]
INFO: [ app_init ] --END-- [ RunTime:0.001000s ]
INFO: [ app_begin ] --START--
INFO: Run Behavior\ReadHtmlCacheBehavior [ RunTime:0.001000s ]
INFO: [ app_begin ] --END-- [ RunTime:0.001000s ]
ERR: 无法加载控制器:Admin

[ 2017-03-17T09:21:57+08:00 ] ::1 /admin
INFO: [ app_init ] --START--
INFO: Run Behavior\BuildLiteBehavior [ RunTime:0.000000s ]
INFO: [ app_init ] --END-- [ RunTime:0.001000s ]
INFO: [ app_begin ] --START--
INFO: Run Behavior\ReadHtmlCacheBehavior [ RunTime:0.001000s ]
INFO: [ app_begin ] --END-- [ RunTime:0.002000s ]
ERR: 无法加载控制器:Admin

[ 2017-03-17T09:21:57+08:00 ] ::1 /admin
INFO: [ app_init ] --START--
INFO: Run Behavior\BuildLiteBehavior [ RunTime:0.000000s ]
INFO: [ app_init ] --END-- [ RunTime:0.001000s ]
INFO: [ app_begin ] --START--
INFO: Run Behavior\ReadHtmlCacheBehavior [ RunTime:0.001000s ]
INFO: [ app_begin ] --END-- [ RunTime:0.001000s ]
ERR: 无法加载控制器:Admin

[ 2017-03-17T09:22:04+08:00 ] ::1 /admin
INFO: [ app_init ] --START--
INFO: Run Behavior\BuildLiteBehavior [ RunTime:0.000000s ]
INFO: [ app_init ] --END-- [ RunTime:0.000000s ]
INFO: [ app_begin ] --START--
INFO: Run Behavior\ReadHtmlCacheBehavior [ RunTime:0.001000s ]
INFO: [ app_begin ] --END-- [ RunTime:0.001000s ]
ERR: 无法加载控制器:Admin

[ 2017-03-17T09:22:04+08:00 ] ::1 /admin
INFO: [ app_init ] --START--
INFO: Run Behavior\BuildLiteBehavior [ RunTime:0.000000s ]
INFO: [ app_init ] --END-- [ RunTime:0.000000s ]
INFO: [ app_begin ] --START--
INFO: Run Behavior\ReadHtmlCacheBehavior [ RunTime:0.001000s ]
INFO: [ app_begin ] --END-- [ RunTime:0.001000s ]
ERR: 无法加载控制器:Admin

[ 2017-03-17T09:22:05+08:00 ] ::1 /admin
INFO: [ app_init ] --START--
INFO: Run Behavior\BuildLiteBehavior [ RunTime:0.000000s ]
INFO: [ app_init ] --END-- [ RunTime:0.000000s ]
INFO: [ app_begin ] --START--
INFO: Run Behavior\ReadHtmlCacheBehavior [ RunTime:0.001000s ]
INFO: [ app_begin ] --END-- [ RunTime:0.001000s ]
ERR: 无法加载控制器:Admin

[ 2017-03-17T09:22:05+08:00 ] ::1 /admin
INFO: [ app_init ] --START--
INFO: Run Behavior\BuildLiteBehavior [ RunTime:0.000000s ]
INFO: [ app_init ] --END-- [ RunTime:0.000000s ]
INFO: [ app_begin ] --START--
INFO: Run Behavior\ReadHtmlCacheBehavior [ RunTime:0.000000s ]
INFO: [ app_begin ] --END-- [ RunTime:0.000000s ]
ERR: 无法加载控制器:Admin

[ 2017-03-17T09:22:05+08:00 ] ::1 /admin
INFO: [ app_init ] --START--
INFO: Run Behavior\BuildLiteBehavior [ RunTime:0.000000s ]
INFO: [ app_init ] --END-- [ RunTime:0.001000s ]
INFO: [ app_begin ] --START--
INFO: Run Behavior\ReadHtmlCacheBehavior [ RunTime:0.001000s ]
INFO: [ app_begin ] --END-- [ RunTime:0.001000s ]
ERR: 无法加载控制器:Admin

[ 2017-03-17T09:22:06+08:00 ] ::1 /admin
INFO: [ app_init ] --START--
INFO: Run Behavior\BuildLiteBehavior [ RunTime:0.000000s ]
INFO: [ app_init ] --END-- [ RunTime:0.001000s ]
INFO: [ app_begin ] --START--
INFO: Run Behavior\ReadHtmlCacheBehavior [ RunTime:0.002000s ]
INFO: [ app_begin ] --END-- [ RunTime:0.002000s ]
ERR: 无法加载控制器:Admin

[ 2017-03-17T09:22:21+08:00 ] ::1 /admin
INFO: [ app_init ] --START--
INFO: Run Behavior\BuildLiteBehavior [ RunTime:0.000000s ]
INFO: [ app_init ] --END-- [ RunTime:0.001000s ]
INFO: [ app_begin ] --START--
INFO: Run Behavior\ReadHtmlCacheBehavior [ RunTime:0.001000s ]
INFO: [ app_begin ] --END-- [ RunTime:0.001000s ]
ERR: 无法加载控制器:Admin

[ 2017-03-17T09:22:21+08:00 ] ::1 /admin
INFO: [ app_init ] --START--
INFO: Run Behavior\BuildLiteBehavior [ RunTime:0.000000s ]
INFO: [ app_init ] --END-- [ RunTime:0.001000s ]
INFO: [ app_begin ] --START--
INFO: Run Behavior\ReadHtmlCacheBehavior [ RunTime:0.002000s ]
INFO: [ app_begin ] --END-- [ RunTime:0.002000s ]
ERR: 无法加载控制器:Admin

[ 2017-03-17T09:22:21+08:00 ] ::1 /admin
INFO: [ app_init ] --START--
INFO: Run Behavior\BuildLiteBehavior [ RunTime:0.000000s ]
INFO: [ app_init ] --END-- [ RunTime:0.000000s ]
INFO: [ app_begin ] --START--
INFO: Run Behavior\ReadHtmlCacheBehavior [ RunTime:0.001000s ]
INFO: [ app_begin ] --END-- [ RunTime:0.001000s ]
ERR: 无法加载控制器:Admin

[ 2017-03-17T09:22:21+08:00 ] ::1 /admin
INFO: [ app_init ] --START--
INFO: Run Behavior\BuildLiteBehavior [ RunTime:0.000000s ]
INFO: [ app_init ] --END-- [ RunTime:0.001000s ]
INFO: [ app_begin ] --START--
INFO: Run Behavior\ReadHtmlCacheBehavior [ RunTime:0.001000s ]
INFO: [ app_begin ] --END-- [ RunTime:0.001000s ]
ERR: 无法加载控制器:Admin

[ 2017-03-17T09:22:22+08:00 ] ::1 /admin
INFO: [ app_init ] --START--
INFO: Run Behavior\BuildLiteBehavior [ RunTime:0.000000s ]
INFO: [ app_init ] --END-- [ RunTime:0.001000s ]
INFO: [ app_begin ] --START--
INFO: Run Behavior\ReadHtmlCacheBehavior [ RunTime:0.000000s ]
INFO: [ app_begin ] --END-- [ RunTime:0.000000s ]
ERR: 无法加载控制器:Admin

[ 2017-03-17T09:22:23+08:00 ] ::1 /admin
INFO: [ app_init ] --START--
INFO: Run Behavior\BuildLiteBehavior [ RunTime:0.000000s ]
INFO: [ app_init ] --END-- [ RunTime:0.001000s ]
INFO: [ app_begin ] --START--
INFO: Run Behavior\ReadHtmlCacheBehavior [ RunTime:0.001000s ]
INFO: [ app_begin ] --END-- [ RunTime:0.001000s ]
ERR: 无法加载控制器:Admin

[ 2017-03-17T09:22:24+08:00 ] ::1 /admin
INFO: [ app_init ] --START--
INFO: Run Behavior\BuildLiteBehavior [ RunTime:0.000000s ]
INFO: [ app_init ] --END-- [ RunTime:0.001000s ]
INFO: [ app_begin ] --START--
INFO: Run Behavior\ReadHtmlCacheBehavior [ RunTime:0.001000s ]
INFO: [ app_begin ] --END-- [ RunTime:0.001000s ]
ERR: 无法加载控制器:Admin

[ 2017-03-17T09:22:50+08:00 ] ::1 /admin
INFO: [ app_init ] --START--
INFO: Run Behavior\BuildLiteBehavior [ RunTime:0.000000s ]
INFO: [ app_init ] --END-- [ RunTime:0.001000s ]
INFO: [ app_begin ] --START--
INFO: Run Behavior\ReadHtmlCacheBehavior [ RunTime:0.001000s ]
INFO: [ app_begin ] --END-- [ RunTime:0.001000s ]
ERR: 无法加载控制器:Admin

[ 2017-03-17T09:22:50+08:00 ] ::1 /admin
INFO: [ app_init ] --START--
INFO: Run Behavior\BuildLiteBehavior [ RunTime:0.000000s ]
INFO: [ app_init ] --END-- [ RunTime:0.001001s ]
INFO: [ app_begin ] --START--
INFO: Run Behavior\ReadHtmlCacheBehavior [ RunTime:0.001000s ]
INFO: [ app_begin ] --END-- [ RunTime:0.001000s ]
ERR: 无法加载控制器:Admin

[ 2017-03-17T09:22:50+08:00 ] ::1 /admin
INFO: [ app_init ] --START--
INFO: Run Behavior\BuildLiteBehavior [ RunTime:0.000000s ]
INFO: [ app_init ] --END-- [ RunTime:0.001000s ]
INFO: [ app_begin ] --START--
INFO: Run Behavior\ReadHtmlCacheBehavior [ RunTime:0.001000s ]
INFO: [ app_begin ] --END-- [ RunTime:0.001000s ]
ERR: 无法加载控制器:Admin

[ 2017-03-17T09:22:50+08:00 ] ::1 /admin
INFO: [ app_init ] --START--
INFO: Run Behavior\BuildLiteBehavior [ RunTime:0.000000s ]
INFO: [ app_init ] --END-- [ RunTime:0.000000s ]
INFO: [ app_begin ] --START--
INFO: Run Behavior\ReadHtmlCacheBehavior [ RunTime:0.001000s ]
INFO: [ app_begin ] --END-- [ RunTime:0.001000s ]
ERR: 无法加载控制器:Admin

[ 2017-03-17T09:22:50+08:00 ] ::1 /admin
INFO: [ app_init ] --START--
INFO: Run Behavior\BuildLiteBehavior [ RunTime:0.000000s ]
INFO: [ app_init ] --END-- [ RunTime:0.000000s ]
INFO: [ app_begin ] --START--
INFO: Run Behavior\ReadHtmlCacheBehavior [ RunTime:0.001000s ]
INFO: [ app_begin ] --END-- [ RunTime:0.001000s ]
ERR: 无法加载控制器:Admin

[ 2017-03-17T09:22:51+08:00 ] ::1 /admin
INFO: [ app_init ] --START--
INFO: Run Behavior\BuildLiteBehavior [ RunTime:0.000000s ]
INFO: [ app_init ] --END-- [ RunTime:0.001000s ]
INFO: [ app_begin ] --START--
INFO: Run Behavior\ReadHtmlCacheBehavior [ RunTime:0.001000s ]
INFO: [ app_begin ] --END-- [ RunTime:0.001000s ]
ERR: 无法加载控制器:Admin

[ 2017-03-17T09:22:51+08:00 ] ::1 /admin
INFO: [ app_init ] --START--
INFO: Run Behavior\BuildLiteBehavior [ RunTime:0.000000s ]
INFO: [ app_init ] --END-- [ RunTime:0.001000s ]
INFO: [ app_begin ] --START--
INFO: Run Behavior\ReadHtmlCacheBehavior [ RunTime:0.001000s ]
INFO: [ app_begin ] --END-- [ RunTime:0.001000s ]
ERR: 无法加载控制器:Admin

[ 2017-03-17T09:22:56+08:00 ] ::1 /index
INFO: [ app_init ] --START--
INFO: Run Behavior\BuildLiteBehavior [ RunTime:0.000000s ]
INFO: [ app_init ] --END-- [ RunTime:0.000000s ]
INFO: [ app_begin ] --START--
INFO: Run Behavior\ReadHtmlCacheBehavior [ RunTime:0.001000s ]
INFO: [ app_begin ] --END-- [ RunTime:0.001000s ]
INFO: [ view_parse ] --START--
INFO: Run Behavior\ParseTemplateBehavior [ RunTime:0.001000s ]
INFO: [ view_parse ] --END-- [ RunTime:0.001000s ]
INFO: [ view_filter ] --START--
INFO: Run Behavior\WriteHtmlCacheBehavior [ RunTime:0.000000s ]
INFO: [ view_filter ] --END-- [ RunTime:0.000000s ]
INFO: [ app_end ] --START--
INFO: Run Behavior\ShowPageTraceBehavior [ RunTime:0.001000s ]
INFO: [ app_end ] --END-- [ RunTime:0.001000s ]

[ 2017-03-17T09:24:08+08:00 ] ::1 /admin
INFO: [ app_init ] --START--
INFO: Run Behavior\BuildLiteBehavior [ RunTime:0.000000s ]
INFO: [ app_init ] --END-- [ RunTime:0.001000s ]
INFO: [ app_begin ] --START--
INFO: Run Behavior\ReadHtmlCacheBehavior [ RunTime:0.001000s ]
INFO: [ app_begin ] --END-- [ RunTime:0.001000s ]
ERR: 无法加载控制器:Admin

[ 2017-03-17T09:26:40+08:00 ] ::1 /admin
INFO: [ app_init ] --START--
INFO: Run Behavior\BuildLiteBehavior [ RunTime:0.000000s ]
INFO: [ app_init ] --END-- [ RunTime:0.001000s ]
INFO: [ app_begin ] --START--
INFO: Run Behavior\ReadHtmlCacheBehavior [ RunTime:0.000000s ]
INFO: [ app_begin ] --END-- [ RunTime:0.000000s ]
ERR: 无法加载控制器:Admin

[ 2017-03-17T10:23:53+08:00 ] ::1 /admin
ERR: 无法加载控制器:Admin

[ 2017-03-17T10:23:58+08:00 ] ::1 /css/style.css
ERR: 无法加载控制器:Css

[ 2017-03-17T10:23:58+08:00 ] ::1 /css/style-responsive.css
ERR: 无法加载控制器:Css

[ 2017-03-17T10:23:58+08:00 ] ::1 /js/jquery-1.10.2.min.js
ERR: 无法加载控制器:Js

[ 2017-03-17T10:23:58+08:00 ] ::1 /js/modernizr.min.js
ERR: 无法加载控制器:Js

[ 2017-03-17T10:23:58+08:00 ] ::1 /js/bootstrap.min.js
ERR: 无法加载控制器:Js

[ 2017-03-17T10:25:06+08:00 ] ::1 /js/jquery-1.10.2.min.js
ERR: 无法加载控制器:Js

[ 2017-03-17T10:25:06+08:00 ] ::1 /js/modernizr.min.js
ERR: 无法加载控制器:Js

[ 2017-03-17T10:25:06+08:00 ] ::1 /js/bootstrap.min.js
ERR: 无法加载控制器:Js

[ 2017-03-17T10:25:06+08:00 ] ::1 /css/style-responsive.css
ERR: 无法加载控制器:Css

[ 2017-03-17T10:25:06+08:00 ] ::1 /localhost/Public/css/style.css
ERR: 无法加载控制器:Localhost

[ 2017-03-17T10:25:16+08:00 ] ::1 /css/style-responsive.css
ERR: 无法加载控制器:Css

[ 2017-03-17T10:25:16+08:00 ] ::1 /js/jquery-1.10.2.min.js
ERR: 无法加载控制器:Js

[ 2017-03-17T10:25:16+08:00 ] ::1 /localhost/Public/css/style.css
ERR: 无法加载控制器:Localhost

[ 2017-03-17T10:25:16+08:00 ] ::1 /js/bootstrap.min.js
ERR: 无法加载控制器:Js

[ 2017-03-17T10:25:16+08:00 ] ::1 /js/modernizr.min.js
ERR: 无法加载控制器:Js

[ 2017-03-17T10:26:26+08:00 ] ::1 /www.a.com/Public/css/style.css
ERR: 无法加载控制器:Www.a.com

[ 2017-03-17T10:26:30+08:00 ] ::1 /www.a.com/Public/css/style.css
ERR: 无法加载控制器:Www.a.com

[ 2017-03-17T10:26:30+08:00 ] ::1 /js/jquery-1.10.2.min.js
ERR: 无法加载控制器:Js

[ 2017-03-17T10:26:30+08:00 ] ::1 /css/style-responsive.css
ERR: 无法加载控制器:Css

[ 2017-03-17T10:26:30+08:00 ] ::1 /js/bootstrap.min.js
ERR: 无法加载控制器:Js

[ 2017-03-17T10:26:30+08:00 ] ::1 /js/modernizr.min.js
ERR: 无法加载控制器:Js

[ 2017-03-17T10:26:58+08:00 ] 127.0.0.1 /admin
ERR: 无法加载控制器:Admin

[ 2017-03-17T10:27:02+08:00 ] 127.0.0.1 /www.a.com/Public/css/style.css
ERR: 无法加载控制器:Www.a.com

[ 2017-03-17T10:27:02+08:00 ] 127.0.0.1 /css/style-responsive.css
ERR: 无法加载控制器:Css

[ 2017-03-17T10:27:02+08:00 ] 127.0.0.1 /js/jquery-1.10.2.min.js
ERR: 无法加载控制器:Js

[ 2017-03-17T10:27:02+08:00 ] 127.0.0.1 /js/modernizr.min.js
ERR: 无法加载控制器:Js

[ 2017-03-17T10:27:02+08:00 ] 127.0.0.1 /js/bootstrap.min.js
ERR: 无法加载控制器:Js

[ 2017-03-17T10:27:02+08:00 ] 127.0.0.1 /js/modernizr.min.js
ERR: 无法加载控制器:Js

[ 2017-03-17T10:27:32+08:00 ] 127.0.0.1 /www.a.com/Public/css/css/style.css
ERR: 无法加载控制器:Www.a.com

[ 2017-03-17T10:27:32+08:00 ] 127.0.0.1 /css/style-responsive.css
ERR: 无法加载控制器:Css

[ 2017-03-17T10:27:32+08:00 ] 127.0.0.1 /js/jquery-1.10.2.min.js
ERR: 无法加载控制器:Js

[ 2017-03-17T10:27:32+08:00 ] 127.0.0.1 /js/bootstrap.min.js
ERR: 无法加载控制器:Js

[ 2017-03-17T10:27:32+08:00 ] 127.0.0.1 /js/modernizr.min.js
ERR: 无法加载控制器:Js

[ 2017-03-17T10:27:54+08:00 ] 127.0.0.1 /js/jquery-1.10.2.min.js
ERR: 无法加载控制器:Js

[ 2017-03-17T10:27:54+08:00 ] 127.0.0.1 /www.a.com/Public/css/style.css
ERR: 无法加载控制器:Www.a.com

[ 2017-03-17T10:27:54+08:00 ] 127.0.0.1 /css/style-responsive.css
ERR: 无法加载控制器:Css

[ 2017-03-17T10:27:54+08:00 ] 127.0.0.1 /js/bootstrap.min.js
ERR: 无法加载控制器:Js

[ 2017-03-17T10:27:54+08:00 ] 127.0.0.1 /js/modernizr.min.js
ERR: 无法加载控制器:Js

[ 2017-03-17T10:27:54+08:00 ] 127.0.0.1 /css/style-responsive.css
ERR: 无法加载控制器:Css

[ 2017-03-17T10:27:54+08:00 ] 127.0.0.1 /www.a.com/Public/css/style.css
ERR: 无法加载控制器:Www.a.com

[ 2017-03-17T10:27:54+08:00 ] 127.0.0.1 /js/jquery-1.10.2.min.js
ERR: 无法加载控制器:Js

[ 2017-03-17T10:27:54+08:00 ] 127.0.0.1 /js/modernizr.min.js
ERR: 无法加载控制器:Js

[ 2017-03-17T10:27:54+08:00 ] 127.0.0.1 /js/bootstrap.min.js
ERR: 无法加载控制器:Js

[ 2017-03-17T10:27:54+08:00 ] 127.0.0.1 /js/modernizr.min.js
ERR: 无法加载控制器:Js

[ 2017-03-17T10:27:54+08:00 ] 127.0.0.1 /www.a.com/Public/css/style.css
ERR: 无法加载控制器:Www.a.com

[ 2017-03-17T10:27:54+08:00 ] 127.0.0.1 /css/style-responsive.css
ERR: 无法加载控制器:Css

[ 2017-03-17T10:27:54+08:00 ] 127.0.0.1 /js/jquery-1.10.2.min.js
ERR: 无法加载控制器:Js

[ 2017-03-17T10:27:54+08:00 ] 127.0.0.1 /js/modernizr.min.js
ERR: 无法加载控制器:Js

[ 2017-03-17T10:27:54+08:00 ] 127.0.0.1 /js/bootstrap.min.js
ERR: 无法加载控制器:Js

[ 2017-03-17T10:27:54+08:00 ] 127.0.0.1 /js/modernizr.min.js
ERR: 无法加载控制器:Js

[ 2017-03-17T10:28:11+08:00 ] 127.0.0.1 /css/style-responsive.css
ERR: 无法加载控制器:Css

[ 2017-03-17T10:28:11+08:00 ] 127.0.0.1 /www.a.com/Public/css/style.css
ERR: 无法加载控制器:Www.a.com

[ 2017-03-17T10:28:11+08:00 ] 127.0.0.1 /js/jquery-1.10.2.min.js
ERR: 无法加载控制器:Js

[ 2017-03-17T10:28:11+08:00 ] 127.0.0.1 /js/modernizr.min.js
ERR: 无法加载控制器:Js

[ 2017-03-17T10:28:11+08:00 ] 127.0.0.1 /js/bootstrap.min.js
ERR: 无法加载控制器:Js

[ 2017-03-17T10:28:11+08:00 ] 127.0.0.1 /js/modernizr.min.js
ERR: 无法加载控制器:Js

[ 2017-03-17T10:28:15+08:00 ] 127.0.0.1 /www.a.com/Public/css/style.css
ERR: 无法加载控制器:Www.a.com

[ 2017-03-17T10:28:15+08:00 ] 127.0.0.1 /js/jquery-1.10.2.min.js
ERR: 无法加载控制器:Js

[ 2017-03-17T10:28:15+08:00 ] 127.0.0.1 /css/style-responsive.css
ERR: 无法加载控制器:Css

[ 2017-03-17T10:28:15+08:00 ] 127.0.0.1 /js/bootstrap.min.js
ERR: 无法加载控制器:Js

[ 2017-03-17T10:28:15+08:00 ] 127.0.0.1 /js/modernizr.min.js
ERR: 无法加载控制器:Js

[ 2017-03-17T10:28:15+08:00 ] 127.0.0.1 /js/jquery-1.10.2.min.js
ERR: 无法加载控制器:Js

[ 2017-03-17T10:28:15+08:00 ] 127.0.0.1 /css/style-responsive.css
ERR: 无法加载控制器:Css

[ 2017-03-17T10:28:15+08:00 ] 127.0.0.1 /www.a.com/Public/css/style.css
ERR: 无法加载控制器:Www.a.com

[ 2017-03-17T10:28:15+08:00 ] 127.0.0.1 /js/bootstrap.min.js
ERR: 无法加载控制器:Js

[ 2017-03-17T10:28:15+08:00 ] 127.0.0.1 /js/modernizr.min.js
ERR: 无法加载控制器:Js

[ 2017-03-17T10:29:01+08:00 ] 127.0.0.1 /Public/css/style.css
ERR: 无法加载控制器:Public

[ 2017-03-17T10:29:01+08:00 ] 127.0.0.1 /js/jquery-1.10.2.min.js
ERR: 无法加载控制器:Js

[ 2017-03-17T10:29:01+08:00 ] 127.0.0.1 /css/style-responsive.css
ERR: 无法加载控制器:Css

[ 2017-03-17T10:29:01+08:00 ] 127.0.0.1 /js/bootstrap.min.js
ERR: 无法加载控制器:Js

[ 2017-03-17T10:29:01+08:00 ] 127.0.0.1 /js/modernizr.min.js
ERR: 无法加载控制器:Js

[ 2017-03-17T10:29:01+08:00 ] 127.0.0.1 /css/style-responsive.css
ERR: 无法加载控制器:Css

[ 2017-03-17T10:29:01+08:00 ] 127.0.0.1 /Public/css/style.css
ERR: 无法加载控制器:Public

[ 2017-03-17T10:29:01+08:00 ] 127.0.0.1 /js/jquery-1.10.2.min.js
ERR: 无法加载控制器:Js

[ 2017-03-17T10:29:01+08:00 ] 127.0.0.1 /js/modernizr.min.js
ERR: 无法加载控制器:Js

[ 2017-03-17T10:29:01+08:00 ] 127.0.0.1 /js/bootstrap.min.js
ERR: 无法加载控制器:Js

[ 2017-03-17T10:29:02+08:00 ] 127.0.0.1 /js/modernizr.min.js
ERR: 无法加载控制器:Js

[ 2017-03-17T10:29:05+08:00 ] 127.0.0.1 /Public/css/style.css
ERR: 无法加载控制器:Public

[ 2017-03-17T10:29:19+08:00 ] 127.0.0.1 /Public/css/style.css
ERR: 无法加载控制器:Public

[ 2017-03-17T10:29:48+08:00 ] 127.0.0.1 /Public/css/style.css
ERR: 无法加载控制器:Public

[ 2017-03-17T10:29:48+08:00 ] 127.0.0.1 /js/jquery-1.10.2.min.js
ERR: 无法加载控制器:Js

[ 2017-03-17T10:29:48+08:00 ] 127.0.0.1 /css/style-responsive.css
ERR: 无法加载控制器:Css

[ 2017-03-17T10:29:48+08:00 ] 127.0.0.1 /js/bootstrap.min.js
ERR: 无法加载控制器:Js

[ 2017-03-17T10:29:48+08:00 ] 127.0.0.1 /js/modernizr.min.js
ERR: 无法加载控制器:Js

[ 2017-03-17T10:29:52+08:00 ] 127.0.0.1 /Public/css/style.css
ERR: 无法加载控制器:Public

[ 2017-03-17T10:30:56+08:00 ] 127.0.0.1 /css/style-responsive.css
ERR: 无法加载控制器:Css

[ 2017-03-17T10:30:56+08:00 ] 127.0.0.1 /js/jquery-1.10.2.min.js
ERR: 无法加载控制器:Js

[ 2017-03-17T10:30:56+08:00 ] 127.0.0.1 /js/modernizr.min.js
ERR: 无法加载控制器:Js

[ 2017-03-17T10:30:56+08:00 ] 127.0.0.1 /js/bootstrap.min.js
ERR: 无法加载控制器:Js

[ 2017-03-17T10:30:56+08:00 ] 127.0.0.1 /css/style-responsive.css
ERR: 无法加载控制器:Css

[ 2017-03-17T10:30:56+08:00 ] 127.0.0.1 /js/jquery-1.10.2.min.js
ERR: 无法加载控制器:Js

[ 2017-03-17T10:30:56+08:00 ] 127.0.0.1 /js/modernizr.min.js
ERR: 无法加载控制器:Js

[ 2017-03-17T10:30:56+08:00 ] 127.0.0.1 /js/bootstrap.min.js
ERR: 无法加载控制器:Js

[ 2017-03-17T10:30:56+08:00 ] 127.0.0.1 /js/modernizr.min.js
ERR: 无法加载控制器:Js

[ 2017-03-17T10:31:37+08:00 ] 127.0.0.1 /www.a.com/Public/css/style.css
ERR: 无法加载控制器:Www.a.com

[ 2017-03-17T10:31:53+08:00 ] 127.0.0.1 /css/style-responsive.css
ERR: 无法加载控制器:Css

[ 2017-03-17T10:31:53+08:00 ] 127.0.0.1 /js/jquery-1.10.2.min.js
ERR: 无法加载控制器:Js

[ 2017-03-17T10:31:53+08:00 ] 127.0.0.1 /js/bootstrap.min.js
ERR: 无法加载控制器:Js

[ 2017-03-17T10:31:53+08:00 ] 127.0.0.1 /js/modernizr.min.js
ERR: 无法加载控制器:Js

[ 2017-03-17T10:32:48+08:00 ] 127.0.0.1 /css/style-responsive.css
ERR: 无法加载控制器:Css

[ 2017-03-17T10:32:48+08:00 ] 127.0.0.1 /js/jquery-1.10.2.min.js
ERR: 无法加载控制器:Js

[ 2017-03-17T10:32:48+08:00 ] 127.0.0.1 /js/modernizr.min.js
ERR: 无法加载控制器:Js

[ 2017-03-17T10:32:48+08:00 ] 127.0.0.1 /js/bootstrap.min.js
ERR: 无法加载控制器:Js

[ 2017-03-17T10:32:48+08:00 ] 127.0.0.1 /js/modernizr.min.js
ERR: 无法加载控制器:Js

[ 2017-03-17T10:32:48+08:00 ] 127.0.0.1 /css/style-responsive.css
ERR: 无法加载控制器:Css

[ 2017-03-17T10:32:48+08:00 ] 127.0.0.1 /js/jquery-1.10.2.min.js
ERR: 无法加载控制器:Js

[ 2017-03-17T10:32:48+08:00 ] 127.0.0.1 /js/bootstrap.min.js
ERR: 无法加载控制器:Js

[ 2017-03-17T10:32:48+08:00 ] 127.0.0.1 /js/modernizr.min.js
ERR: 无法加载控制器:Js

[ 2017-03-17T10:32:48+08:00 ] 127.0.0.1 /css/style-responsive.css
ERR: 无法加载控制器:Css

[ 2017-03-17T10:32:48+08:00 ] 127.0.0.1 /js/jquery-1.10.2.min.js
ERR: 无法加载控制器:Js

[ 2017-03-17T10:32:48+08:00 ] 127.0.0.1 /js/modernizr.min.js
ERR: 无法加载控制器:Js

[ 2017-03-17T10:32:48+08:00 ] 127.0.0.1 /js/bootstrap.min.js
ERR: 无法加载控制器:Js

[ 2017-03-17T10:32:48+08:00 ] 127.0.0.1 /js/modernizr.min.js
ERR: 无法加载控制器:Js

[ 2017-03-17T10:32:48+08:00 ] 127.0.0.1 /css/style-responsive.css
ERR: 无法加载控制器:Css

[ 2017-03-17T10:32:48+08:00 ] 127.0.0.1 /js/jquery-1.10.2.min.js
ERR: 无法加载控制器:Js

[ 2017-03-17T10:32:48+08:00 ] 127.0.0.1 /js/bootstrap.min.js
ERR: 无法加载控制器:Js

[ 2017-03-17T10:32:48+08:00 ] 127.0.0.1 /js/modernizr.min.js
ERR: 无法加载控制器:Js

[ 2017-03-17T10:32:49+08:00 ] 127.0.0.1 /css/style-responsive.css
ERR: 无法加载控制器:Css

[ 2017-03-17T10:32:49+08:00 ] 127.0.0.1 /js/jquery-1.10.2.min.js
ERR: 无法加载控制器:Js

[ 2017-03-17T10:32:49+08:00 ] 127.0.0.1 /js/bootstrap.min.js
ERR: 无法加载控制器:Js

[ 2017-03-17T10:32:49+08:00 ] 127.0.0.1 /js/modernizr.min.js
ERR: 无法加载控制器:Js

[ 2017-03-17T10:32:49+08:00 ] 127.0.0.1 /css/style-responsive.css
ERR: 无法加载控制器:Css

[ 2017-03-17T10:32:49+08:00 ] 127.0.0.1 /js/jquery-1.10.2.min.js
ERR: 无法加载控制器:Js

[ 2017-03-17T10:32:49+08:00 ] 127.0.0.1 /js/bootstrap.min.js
ERR: 无法加载控制器:Js

[ 2017-03-17T10:32:49+08:00 ] 127.0.0.1 /js/modernizr.min.js
ERR: 无法加载控制器:Js

[ 2017-03-17T10:38:18+08:00 ] 127.0.0.1 /registration.html
ERR: 无法加载控制器:Registration

[ 2017-03-17T10:48:51+08:00 ] 127.0.0.1 /login/login.html
ERR: 无法加载控制器:Login

[ 2017-03-17T10:48:56+08:00 ] 127.0.0.1 /login/login.html
ERR: 无法加载控制器:Login

[ 2017-03-17T10:50:03+08:00 ] 127.0.0.1 /admin/login/login.html
ERR: 无法加载控制器:Admin

[ 2017-03-17T10:50:15+08:00 ] 127.0.0.1 /admin
ERR: 无法加载控制器:Admin

[ 2017-03-17T10:50:18+08:00 ] 127.0.0.1 /admin/login
ERR: 无法加载控制器:Admin

[ 2017-03-17T10:50:25+08:00 ] 127.0.0.1 /admin/login/login
ERR: 无法加载控制器:Admin

[ 2017-03-17T10:51:42+08:00 ] 127.0.0.1 /admin
ERR: 无法加载控制器:Admin

[ 2017-03-17T10:52:17+08:00 ] 127.0.0.1 /admin
ERR: 无法加载控制器:Admin

[ 2017-03-17T10:52:51+08:00 ] 127.0.0.1 /admin
ERR: 无法加载控制器:Admin

[ 2017-03-17T10:53:11+08:00 ] 127.0.0.1 /admin
ERR: 无法加载控制器:Admin

[ 2017-03-17T10:53:11+08:00 ] 127.0.0.1 /admin
ERR: 无法加载控制器:Admin

[ 2017-03-17T10:53:12+08:00 ] 127.0.0.1 /admin
ERR: 无法加载控制器:Admin

[ 2017-03-17T10:53:12+08:00 ] 127.0.0.1 /admin
ERR: 无法加载控制器:Admin

[ 2017-03-17T10:53:12+08:00 ] 127.0.0.1 /admin
ERR: 无法加载控制器:Admin

[ 2017-03-17T10:54:21+08:00 ] 127.0.0.1 /admin
ERR: 无法加载控制器:Admin

[ 2017-03-17T10:54:24+08:00 ] 127.0.0.1 /admin
ERR: 无法加载控制器:Admin

[ 2017-03-17T10:54:32+08:00 ] 127.0.0.1 /Login/Login.html
ERR: 无法加载控制器:Login

[ 2017-03-17T10:55:08+08:00 ] 127.0.0.1 /Login/Login.html
ERR: 无法加载控制器:Login

[ 2017-03-17T10:56:48+08:00 ] 127.0.0.1 /admin
ERR: 无法加载控制器:Admin

[ 2017-03-17T11:00:46+08:00 ] 127.0.0.1 /admin
ERR: 无法加载控制器:Admin

[ 2017-03-17T11:00:59+08:00 ] 127.0.0.1 /Home/index/index
ERR: 无法加载控制器:Home

[ 2017-03-17T11:01:35+08:00 ] 127.0.0.1 /admin
ERR: 无法加载控制器:Admin

[ 2017-03-17T11:02:31+08:00 ] 127.0.0.1 /Login/Login.html
ERR: 无法加载控制器:Login

[ 2017-03-17T11:03:56+08:00 ] 127.0.0.1 /admin
ERR: 无法加载控制器:Admin

[ 2017-03-17T11:05:53+08:00 ] 127.0.0.1 /index/Home/index/index
ERR: 非法操作:Home

[ 2017-03-17T11:08:07+08:00 ] 127.0.0.1 /admin
ERR: 无法加载控制器:Admin

