[ 2017-04-11T10:37:11+08:00 ] ::1 /home/login/login.html
INFO: [ app_begin ] --START--
INFO: Run Behavior\ReadHtmlCacheBehavior [ RunTime:0.001000s ]
INFO: [ app_begin ] --END-- [ RunTime:0.001000s ]
SQL: SHOW COLUMNS FROM `an_system` [ RunTime:0.0540s ]
SQL: SELECT * FROM `an_system` WHERE `id` = 1 LIMIT 1   [ RunTime:0.0040s ]
SQL: SHOW COLUMNS FROM `an_member` [ RunTime:0.0100s ]
SQL: SELECT * FROM `an_member` WHERE `username` = '15982123358' AND `password` = '25d6896e5d9ad869b943092c63fdd537' LIMIT 1   [ RunTime:0.0060s ]
SQL: UPDATE `an_member` SET `session_token`='141dcd96f591e90b23da91e7e19c0add' WHERE `username` = '15982123358' AND `password` = '25d6896e5d9ad869b943092c63fdd537' [ RunTime:0.0030s ]

[ 2017-04-11T10:43:35+08:00 ] ::1 /Home/Personal/find.html
INFO: [ app_begin ] --START--
INFO: Run Behavior\ReadHtmlCacheBehavior [ RunTime:0.001000s ]
INFO: [ app_begin ] --END-- [ RunTime:0.002000s ]
SQL: SHOW COLUMNS FROM `an_system` [ RunTime:0.0320s ]
SQL: SELECT * FROM `an_system` WHERE `id` = 1 LIMIT 1   [ RunTime:0.2940s ]
SQL: SHOW COLUMNS FROM `an_member` [ RunTime:0.0220s ]
SQL: SELECT * FROM `an_member` WHERE `session_token` = '141dcd96f591e90b23da91e7e19c0add' LIMIT 1   [ RunTime:0.0340s ]
SQL: SHOW COLUMNS FROM `an_member_support` [ RunTime:0.3370s ]
SQL: SELECT * FROM `an_member_support` WHERE `member_id` = 79 LIMIT 1   [ RunTime:0.0610s ]
SQL: SELECT * FROM `an_member` WHERE `parent_id` = 79  [ RunTime:0.3500s ]
SQL: SELECT * FROM `an_member` WHERE `parent_id` = 79  [ RunTime:0.0900s ]
SQL: SELECT * FROM `an_member` WHERE `parent_id` = 79  [ RunTime:0.0410s ]

[ 2017-04-11T10:43:37+08:00 ] ::1 /Home/Personal/find.html
INFO: [ app_begin ] --START--
INFO: Run Behavior\ReadHtmlCacheBehavior [ RunTime:0.001000s ]
INFO: [ app_begin ] --END-- [ RunTime:0.002000s ]
SQL: SHOW COLUMNS FROM `an_system` [ RunTime:0.0390s ]
SQL: SELECT * FROM `an_system` WHERE `id` = 1 LIMIT 1   [ RunTime:0.0180s ]
SQL: SHOW COLUMNS FROM `an_member` [ RunTime:0.0860s ]
SQL: SELECT * FROM `an_member` WHERE `session_token` = '141dcd96f591e90b23da91e7e19c0add' LIMIT 1   [ RunTime:0.0180s ]
SQL: SHOW COLUMNS FROM `an_member_support` [ RunTime:0.0540s ]
SQL: SELECT * FROM `an_member_support` WHERE `member_id` = 79 LIMIT 1   [ RunTime:0.0320s ]
SQL: SELECT * FROM `an_member` WHERE `parent_id` = 79  [ RunTime:0.1920s ]
SQL: SELECT * FROM `an_member` WHERE `parent_id` = 79  [ RunTime:0.0870s ]
SQL: SELECT * FROM `an_member` WHERE `parent_id` = 79  [ RunTime:0.1350s ]

[ 2017-04-11T10:43:39+08:00 ] ::1 /Home/Personal/find.html
INFO: [ app_begin ] --START--
INFO: Run Behavior\ReadHtmlCacheBehavior [ RunTime:0.001000s ]
INFO: [ app_begin ] --END-- [ RunTime:0.001000s ]
SQL: SHOW COLUMNS FROM `an_system` [ RunTime:0.0970s ]
SQL: SELECT * FROM `an_system` WHERE `id` = 1 LIMIT 1   [ RunTime:0.3660s ]
SQL: SHOW COLUMNS FROM `an_member` [ RunTime:0.1770s ]
SQL: SELECT * FROM `an_member` WHERE `session_token` = '141dcd96f591e90b23da91e7e19c0add' LIMIT 1   [ RunTime:0.2570s ]
SQL: SHOW COLUMNS FROM `an_member_support` [ RunTime:0.0360s ]
SQL: SELECT * FROM `an_member_support` WHERE `member_id` = 79 LIMIT 1   [ RunTime:0.0720s ]
SQL: SELECT * FROM `an_member` WHERE `parent_id` = 79  [ RunTime:0.1240s ]
SQL: SELECT * FROM `an_member` WHERE `parent_id` = 79  [ RunTime:0.4000s ]
SQL: SELECT * FROM `an_member` WHERE `parent_id` = 79  [ RunTime:0.3430s ]

[ 2017-04-11T10:43:41+08:00 ] ::1 /Home/Personal/find.html
INFO: [ app_begin ] --START--
INFO: Run Behavior\ReadHtmlCacheBehavior [ RunTime:0.001000s ]
INFO: [ app_begin ] --END-- [ RunTime:0.001000s ]
SQL: SHOW COLUMNS FROM `an_system` [ RunTime:0.4800s ]
SQL: SELECT * FROM `an_system` WHERE `id` = 1 LIMIT 1   [ RunTime:0.2500s ]
SQL: SHOW COLUMNS FROM `an_member` [ RunTime:0.0190s ]
SQL: SELECT * FROM `an_member` WHERE `session_token` = '141dcd96f591e90b23da91e7e19c0add' LIMIT 1   [ RunTime:0.0050s ]
SQL: SHOW COLUMNS FROM `an_member_support` [ RunTime:0.0390s ]
SQL: SELECT * FROM `an_member_support` WHERE `member_id` = 79 LIMIT 1   [ RunTime:0.0040s ]
SQL: SELECT * FROM `an_member` WHERE `parent_id` = 79  [ RunTime:0.0120s ]
SQL: SELECT * FROM `an_member` WHERE `parent_id` = 79  [ RunTime:0.0080s ]
SQL: SELECT * FROM `an_member` WHERE `parent_id` = 79  [ RunTime:0.0230s ]

[ 2017-04-11T11:37:18+08:00 ] ::1 /Home/Personal/index.html
ERR: SQLSTATE[HY000] [2002] 由于连接方在一段时间后没有正确答复或连接的主机没有反应，连接尝试失败。


[ 2017-04-11T12:21:00+08:00 ] ::1 /home/login/login.html
INFO: [ app_begin ] --START--
INFO: Run Behavior\ReadHtmlCacheBehavior [ RunTime:0.000000s ]
INFO: [ app_begin ] --END-- [ RunTime:0.002001s ]
SQL: SHOW COLUMNS FROM `an_system` [ RunTime:0.0850s ]
SQL: SELECT * FROM `an_system` WHERE `id` = 1 LIMIT 1   [ RunTime:0.0080s ]
SQL: SHOW COLUMNS FROM `an_member` [ RunTime:0.0120s ]
SQL: SELECT * FROM `an_member` WHERE `session_token` = '141dcd96f591e90b23da91e7e19c0add' LIMIT 1   [ RunTime:0.0060s ]
SQL: SELECT * FROM `an_member` WHERE `username` = '15982123358' AND `password` = '25d6896e5d9ad869b943092c63fdd537' LIMIT 1   [ RunTime:0.0050s ]
SQL: UPDATE `an_member` SET `session_token`='3d2f531be72b06d43e1fee5c9ff4dd01' WHERE `username` = '15982123358' AND `password` = '25d6896e5d9ad869b943092c63fdd537' [ RunTime:0.0170s ]

[ 2017-04-11T13:53:44+08:00 ] ::1 /Home/Personal/index.html
ERR: SQLSTATE[HY000] [2002] 由于连接方在一段时间后没有正确答复或连接的主机没有反应，连接尝试失败。


[ 2017-04-11T15:10:25+08:00 ] ::1 /home/login/login.html
INFO: [ app_begin ] --START--
INFO: Run Behavior\ReadHtmlCacheBehavior [ RunTime:0.001000s ]
INFO: [ app_begin ] --END-- [ RunTime:0.001000s ]
SQL: SHOW COLUMNS FROM `an_system` [ RunTime:0.0950s ]
SQL: SELECT * FROM `an_system` WHERE `id` = 1 LIMIT 1   [ RunTime:0.0210s ]
SQL: SHOW COLUMNS FROM `an_member` [ RunTime:0.3330s ]
SQL: SELECT * FROM `an_member` WHERE `username` = '15982123358' AND `password` = '25d6896e5d9ad869b943092c63fdd537' LIMIT 1   [ RunTime:0.0300s ]
SQL: UPDATE `an_member` SET `session_token`='ca850641838f1564f1ccdc0a68cc1af6' WHERE `username` = '15982123358' AND `password` = '25d6896e5d9ad869b943092c63fdd537' [ RunTime:0.0060s ]

[ 2017-04-11T15:12:28+08:00 ] ::1 /home/index/search.html?text=33
ERR: SQLSTATE[HY000] [2002] 由于连接方在一段时间后没有正确答复或连接的主机没有反应，连接尝试失败。


[ 2017-04-11T15:17:19+08:00 ] ::1 /Home/Index/pageSelect.html
INFO: [ app_begin ] --START--
INFO: Run Behavior\ReadHtmlCacheBehavior [ RunTime:0.001000s ]
INFO: [ app_begin ] --END-- [ RunTime:0.001000s ]
SQL: SHOW COLUMNS FROM `an_system` [ RunTime:0.0290s ]
SQL: SELECT * FROM `an_system` WHERE `id` = 1 LIMIT 1   [ RunTime:0.0060s ]
SQL: SHOW COLUMNS FROM `an_member` [ RunTime:0.0130s ]
SQL: SELECT * FROM `an_member` WHERE `session_token` = 'ca850641838f1564f1ccdc0a68cc1af6' LIMIT 1   [ RunTime:0.0140s ]
SQL: SHOW COLUMNS FROM `an_member_support` [ RunTime:0.0090s ]
SQL: SELECT * FROM `an_member_support` WHERE `member_id` = 79 LIMIT 1   [ RunTime:0.0090s ]
SQL: SELECT * FROM `an_member` WHERE `parent_id` = 79  [ RunTime:0.0060s ]
SQL: SELECT * FROM `an_member` WHERE `parent_id` = 79  [ RunTime:0.0040s ]
SQL: SHOW COLUMNS FROM `an_comment` [ RunTime:0.0210s ]
SQL: SELECT * FROM `an_comment` WHERE `movie_id` = 10 AND `type` = 2 ORDER BY create_time desc  [ RunTime:0.0060s ]

[ 2017-04-11T15:17:20+08:00 ] ::1 /Home/Index/pageSelect.html
INFO: [ app_begin ] --START--
INFO: Run Behavior\ReadHtmlCacheBehavior [ RunTime:0.001000s ]
INFO: [ app_begin ] --END-- [ RunTime:0.002000s ]
SQL: SHOW COLUMNS FROM `an_system` [ RunTime:0.0330s ]
SQL: SELECT * FROM `an_system` WHERE `id` = 1 LIMIT 1   [ RunTime:0.0040s ]
SQL: SHOW COLUMNS FROM `an_member` [ RunTime:0.0110s ]
SQL: SELECT * FROM `an_member` WHERE `session_token` = 'ca850641838f1564f1ccdc0a68cc1af6' LIMIT 1   [ RunTime:0.0070s ]
SQL: SHOW COLUMNS FROM `an_member_support` [ RunTime:0.0120s ]
SQL: SELECT * FROM `an_member_support` WHERE `member_id` = 79 LIMIT 1   [ RunTime:0.0050s ]
SQL: SELECT * FROM `an_member` WHERE `parent_id` = 79  [ RunTime:0.0050s ]
SQL: SELECT * FROM `an_member` WHERE `parent_id` = 79  [ RunTime:0.0040s ]
SQL: SHOW COLUMNS FROM `an_comment` [ RunTime:0.0250s ]
SQL: SELECT * FROM `an_comment` WHERE `movie_id` = 10 AND `type` = 4 ORDER BY create_time desc  [ RunTime:0.0030s ]

[ 2017-04-11T15:17:20+08:00 ] ::1 /Home/Index/pageSelect.html
INFO: [ app_begin ] --START--
INFO: Run Behavior\ReadHtmlCacheBehavior [ RunTime:0.000000s ]
INFO: [ app_begin ] --END-- [ RunTime:0.001000s ]
SQL: SHOW COLUMNS FROM `an_system` [ RunTime:0.0500s ]
SQL: SELECT * FROM `an_system` WHERE `id` = 1 LIMIT 1   [ RunTime:0.0040s ]
SQL: SHOW COLUMNS FROM `an_member` [ RunTime:0.0110s ]
SQL: SELECT * FROM `an_member` WHERE `session_token` = 'ca850641838f1564f1ccdc0a68cc1af6' LIMIT 1   [ RunTime:0.0040s ]
SQL: SHOW COLUMNS FROM `an_member_support` [ RunTime:0.0090s ]
SQL: SELECT * FROM `an_member_support` WHERE `member_id` = 79 LIMIT 1   [ RunTime:0.0080s ]
SQL: SELECT * FROM `an_member` WHERE `parent_id` = 79  [ RunTime:0.0050s ]
SQL: SELECT * FROM `an_member` WHERE `parent_id` = 79  [ RunTime:0.0040s ]
SQL: SHOW COLUMNS FROM `an_comment` [ RunTime:0.0170s ]
SQL: SELECT * FROM `an_comment` WHERE `movie_id` = 10 AND `type` = 3 ORDER BY create_time desc  [ RunTime:0.0030s ]

[ 2017-04-11T15:17:21+08:00 ] ::1 /Home/Index/pageSelect.html
INFO: [ app_begin ] --START--
INFO: Run Behavior\ReadHtmlCacheBehavior [ RunTime:0.001000s ]
INFO: [ app_begin ] --END-- [ RunTime:0.001000s ]
SQL: SHOW COLUMNS FROM `an_system` [ RunTime:0.0300s ]
SQL: SELECT * FROM `an_system` WHERE `id` = 1 LIMIT 1   [ RunTime:0.0110s ]
SQL: SHOW COLUMNS FROM `an_member` [ RunTime:0.0130s ]
SQL: SELECT * FROM `an_member` WHERE `session_token` = 'ca850641838f1564f1ccdc0a68cc1af6' LIMIT 1   [ RunTime:0.0090s ]
SQL: SHOW COLUMNS FROM `an_member_support` [ RunTime:0.0090s ]
SQL: SELECT * FROM `an_member_support` WHERE `member_id` = 79 LIMIT 1   [ RunTime:0.0340s ]
SQL: SELECT * FROM `an_member` WHERE `parent_id` = 79  [ RunTime:0.0040s ]
SQL: SELECT * FROM `an_member` WHERE `parent_id` = 79  [ RunTime:0.0060s ]
SQL: SHOW COLUMNS FROM `an_comment` [ RunTime:0.0150s ]
SQL: SELECT * FROM `an_comment` WHERE `movie_id` = 10 AND `type` = 2 ORDER BY create_time desc  [ RunTime:0.0030s ]

[ 2017-04-11T15:17:21+08:00 ] ::1 /Home/Index/pageSelect.html
INFO: [ app_begin ] --START--
INFO: Run Behavior\ReadHtmlCacheBehavior [ RunTime:0.001000s ]
INFO: [ app_begin ] --END-- [ RunTime:0.001000s ]
SQL: SHOW COLUMNS FROM `an_system` [ RunTime:0.0290s ]
SQL: SELECT * FROM `an_system` WHERE `id` = 1 LIMIT 1   [ RunTime:0.0120s ]
SQL: SHOW COLUMNS FROM `an_member` [ RunTime:0.0260s ]
SQL: SELECT * FROM `an_member` WHERE `session_token` = 'ca850641838f1564f1ccdc0a68cc1af6' LIMIT 1   [ RunTime:0.0040s ]
SQL: SHOW COLUMNS FROM `an_member_support` [ RunTime:0.0090s ]
SQL: SELECT * FROM `an_member_support` WHERE `member_id` = 79 LIMIT 1   [ RunTime:0.0040s ]
SQL: SELECT * FROM `an_member` WHERE `parent_id` = 79  [ RunTime:0.0070s ]
SQL: SELECT * FROM `an_member` WHERE `parent_id` = 79  [ RunTime:0.0090s ]
SQL: SHOW COLUMNS FROM `an_comment` [ RunTime:0.0140s ]
SQL: SELECT * FROM `an_comment` WHERE `movie_id` = 10 AND `type` = 1 ORDER BY create_time desc  [ RunTime:0.0050s ]

[ 2017-04-11T18:42:32+08:00 ] ::1 /Home/common/test
ERR: 娉浣:test

[ 2017-04-11T18:42:33+08:00 ] ::1 /Home/common/test
ERR: 娉浣:test

[ 2017-04-11T18:43:36+08:00 ] ::1 /Home/common/test
ERR: 娉浣:test

[ 2017-04-11T18:43:36+08:00 ] ::1 /Home/common/test
ERR: 娉浣:test

[ 2017-04-11T18:43:37+08:00 ] ::1 /Home/common/test
ERR: 娉浣:test

