[ 2017-04-11T10:41:50+08:00 ] ::1 /Public/wang/img/level.png
ERR: 无法加载模块:Public

[ 2017-04-11T10:43:14+08:00 ] ::1 /Public/wang/img/level.png
ERR: 无法加载模块:Public

[ 2017-04-11T10:43:23+08:00 ] ::1 /Public/wang/img/level.png
ERR: 无法加载模块:Public

[ 2017-04-11T10:43:46+08:00 ] ::1 /Public/wang/img/level.png
ERR: 无法加载模块:Public

[ 2017-04-11T10:43:51+08:00 ] ::1 /Public/wang/img/level.png
ERR: 无法加载模块:Public

[ 2017-04-11T10:43:55+08:00 ] ::1 /Public/wang/img/level.png
ERR: 无法加载模块:Public

[ 2017-04-11T10:44:44+08:00 ] ::1 /Public/wang/img/level0.png
ERR: 无法加载模块:Public

[ 2017-04-11T10:47:20+08:00 ] ::1 /Public/wang/img/level.png
ERR: 无法加载模块:Public

[ 2017-04-11T10:50:52+08:00 ] ::1 /Public/wang/img/level.png
ERR: 无法加载模块:Public

[ 2017-04-11T10:51:45+08:00 ] ::1 /Public/wang/img/level.png
ERR: 无法加载模块:Public

[ 2017-04-11T10:52:43+08:00 ] ::1 /Public/wang/img/level.png
ERR: 无法加载模块:Public

[ 2017-04-11T10:54:07+08:00 ] ::1 /Public/wang/img/level.png
ERR: 无法加载模块:Public

[ 2017-04-11T10:54:37+08:00 ] ::1 /Public/wang/img/level.png
ERR: 无法加载模块:Public

[ 2017-04-11T10:59:30+08:00 ] ::1 /Public/wang/img/level0.png
ERR: 无法加载模块:Public

[ 2017-04-11T11:02:13+08:00 ] ::1 /Public/wang/img/level.png
ERR: 无法加载模块:Public

[ 2017-04-11T11:02:47+08:00 ] ::1 /Public/wang/img/level.png
ERR: 无法加载模块:Public

[ 2017-04-11T11:26:57+08:00 ] ::1 /Public/wang/img/level.png
ERR: 无法加载模块:Public

[ 2017-04-11T11:27:38+08:00 ] ::1 /Public/wang/img/level.png
ERR: 无法加载模块:Public

[ 2017-04-11T11:28:28+08:00 ] ::1 /Public/wang/img/level.png
ERR: 无法加载模块:Public

[ 2017-04-11T11:29:25+08:00 ] ::1 /Public/wang/img/level.png
ERR: 无法加载模块:Public

[ 2017-04-11T11:29:26+08:00 ] ::1 /Public/wang/img/level.png
ERR: 无法加载模块:Public

[ 2017-04-11T11:29:27+08:00 ] ::1 /Public/wang/img/level.png
ERR: 无法加载模块:Public

[ 2017-04-11T11:30:08+08:00 ] ::1 /Public/wang/img/level.png
ERR: 无法加载模块:Public

[ 2017-04-11T11:30:39+08:00 ] ::1 /Public/wang/img/level.png
ERR: 无法加载模块:Public

[ 2017-04-11T11:30:42+08:00 ] ::1 /Public/wang/img/level.png
ERR: 无法加载模块:Public

[ 2017-04-11T11:31:02+08:00 ] ::1 /Public/wang/img/level.png
ERR: 无法加载模块:Public

[ 2017-04-11T11:31:19+08:00 ] ::1 /Public/wang/img/level.png
ERR: 无法加载模块:Public

[ 2017-04-11T11:32:14+08:00 ] ::1 /Public/wang/img/level.png
ERR: 无法加载模块:Public

[ 2017-04-11T11:32:43+08:00 ] ::1 /Public/wang/img/level.png
ERR: 无法加载模块:Public

[ 2017-04-11T11:33:14+08:00 ] ::1 /Public/wang/img/level.png
ERR: 无法加载模块:Public

[ 2017-04-11T11:34:02+08:00 ] ::1 /Public/wang/img/level.png
ERR: 无法加载模块:Public

[ 2017-04-11T11:34:03+08:00 ] ::1 /Public/wang/img/level.png
ERR: 无法加载模块:Public

[ 2017-04-11T11:34:37+08:00 ] ::1 /Public/wang/img/level.png
ERR: 无法加载模块:Public

[ 2017-04-11T11:35:21+08:00 ] ::1 /Public/wang/img/level.png
ERR: 无法加载模块:Public

[ 2017-04-11T11:37:44+08:00 ] ::1 /Public/wang/img/level.png
ERR: 无法加载模块:Public

[ 2017-04-11T11:38:43+08:00 ] ::1 /Public/wang/img/level.png
ERR: 无法加载模块:Public

[ 2017-04-11T11:38:56+08:00 ] ::1 /Public/wang/img/level.png
ERR: 无法加载模块:Public

[ 2017-04-11T11:39:54+08:00 ] ::1 /Public/wang/img/level.png
ERR: 无法加载模块:Public

[ 2017-04-11T11:40:25+08:00 ] ::1 /Public/wang/img/level0.png
ERR: 无法加载模块:Public

[ 2017-04-11T11:42:02+08:00 ] ::1 /Public/wang/img/level.png
ERR: 无法加载模块:Public

[ 2017-04-11T11:42:38+08:00 ] ::1 /Public/wang/img/level.png
ERR: 无法加载模块:Public

[ 2017-04-11T11:42:56+08:00 ] ::1 /Public/wang/img/level.png
ERR: 无法加载模块:Public

[ 2017-04-11T11:43:34+08:00 ] ::1 /Public/wang/img/level.png
ERR: 无法加载模块:Public

[ 2017-04-11T11:44:53+08:00 ] ::1 /Public/wang/img/level.png
ERR: 无法加载模块:Public

[ 2017-04-11T11:45:27+08:00 ] ::1 /Public/wang/img/level.png
ERR: 无法加载模块:Public

[ 2017-04-11T11:45:31+08:00 ] ::1 /Public/wang/img/level.png
ERR: 无法加载模块:Public

[ 2017-04-11T11:45:45+08:00 ] ::1 /Public/wang/img/level.png
ERR: 无法加载模块:Public

[ 2017-04-11T11:45:52+08:00 ] ::1 /Public/wang/img/level.png
ERR: 无法加载模块:Public

[ 2017-04-11T11:56:40+08:00 ] ::1 /Public/home_img/search_03.png
ERR: 无法加载模块:Public

[ 2017-04-11T12:21:03+08:00 ] ::1 /Public/wang/img/level.png
ERR: 无法加载模块:Public

[ 2017-04-11T13:20:45+08:00 ] ::1 /Public/home_img/search_03.png
ERR: 无法加载模块:Public

[ 2017-04-11T13:20:55+08:00 ] ::1 /Public/home_img/search_03.png
ERR: 无法加载模块:Public

[ 2017-04-11T13:20:59+08:00 ] ::1 /Public/wang/img/level.png
ERR: 无法加载模块:Public

[ 2017-04-11T13:37:42+08:00 ] ::1 /Public/wang/img/level.png
ERR: 无法加载模块:Public

[ 2017-04-11T13:38:11+08:00 ] ::1 /Public/home_img/star.png
ERR: 无法加载模块:Public

[ 2017-04-11T13:38:39+08:00 ] ::1 /Public/wang/img/level.png
ERR: 无法加载模块:Public

[ 2017-04-11T13:39:23+08:00 ] ::1 /Public/wang/img/level.png
ERR: 无法加载模块:Public

[ 2017-04-11T13:41:55+08:00 ] ::1 /Public/wang/img/level.png
ERR: 无法加载模块:Public

[ 2017-04-11T13:41:56+08:00 ] ::1 /Public/wang/img/level.png
ERR: 无法加载模块:Public

[ 2017-04-11T13:42:24+08:00 ] ::1 /Public/wang/img/level.png
ERR: 无法加载模块:Public

[ 2017-04-11T13:42:53+08:00 ] ::1 /Public/wang/img/level.png
ERR: 无法加载模块:Public

[ 2017-04-11T13:44:28+08:00 ] ::1 /Public/wang/img/level.png
ERR: 无法加载模块:Public

[ 2017-04-11T13:44:45+08:00 ] ::1 /Public/wang/img/level.png
ERR: 无法加载模块:Public

[ 2017-04-11T13:45:42+08:00 ] ::1 /Public/wang/img/level.png
ERR: 无法加载模块:Public

[ 2017-04-11T13:46:08+08:00 ] ::1 /Public/wang/img/level.png
ERR: 无法加载模块:Public

[ 2017-04-11T13:46:09+08:00 ] ::1 /Public/wang/img/level.png
ERR: 无法加载模块:Public

[ 2017-04-11T13:46:28+08:00 ] ::1 /Public/wang/img/level.png
ERR: 无法加载模块:Public

[ 2017-04-11T13:50:18+08:00 ] ::1 /Public/wang/img/level.png
ERR: 无法加载模块:Public

[ 2017-04-11T13:54:09+08:00 ] ::1 /Public/wang/img/level.png
ERR: 无法加载模块:Public

[ 2017-04-11T13:58:57+08:00 ] ::1 /Public/wang/img/level0.png
ERR: 无法加载模块:Public

[ 2017-04-11T14:24:12+08:00 ] ::1 /Public/wang/img/level.png
ERR: 无法加载模块:Public

[ 2017-04-11T14:25:06+08:00 ] ::1 /Public/wang/img/level.png
ERR: 无法加载模块:Public

[ 2017-04-11T14:28:25+08:00 ] ::1 /Public/wang/img/level.png
ERR: 无法加载模块:Public

[ 2017-04-11T14:29:22+08:00 ] ::1 /Public/wang/img/level.png
ERR: 无法加载模块:Public

[ 2017-04-11T14:29:24+08:00 ] ::1 /Public/wang/img/level.png
ERR: 无法加载模块:Public

[ 2017-04-11T14:29:49+08:00 ] ::1 /Public/wang/img/level.png
ERR: 无法加载模块:Public

[ 2017-04-11T14:30:24+08:00 ] ::1 /Public/wang/img/level.png
ERR: 无法加载模块:Public

[ 2017-04-11T14:36:18+08:00 ] ::1 /Public/wang/img/level.png
ERR: 无法加载模块:Public

[ 2017-04-11T14:38:31+08:00 ] ::1 /Public/wang/img/level.png
ERR: 无法加载模块:Public

[ 2017-04-11T14:40:49+08:00 ] ::1 /Public/wang/img/level.png
ERR: 无法加载模块:Public

[ 2017-04-11T14:41:21+08:00 ] ::1 /Public/wang/img/level.png
ERR: 无法加载模块:Public

[ 2017-04-11T14:47:38+08:00 ] ::1 /Public/home_img/star.png
ERR: 无法加载模块:Public

[ 2017-04-11T14:50:46+08:00 ] ::1 /Public/wang/img/level.png
ERR: 无法加载模块:Public

[ 2017-04-11T14:56:18+08:00 ] ::1 /Public/wang/img/level.png
ERR: 无法加载模块:Public

[ 2017-04-11T14:56:22+08:00 ] ::1 /Public/wang/img/level.png
ERR: 无法加载模块:Public

[ 2017-04-11T15:10:32+08:00 ] ::1 /Public/wang/img/level.png
ERR: 无法加载模块:Public

[ 2017-04-11T15:12:36+08:00 ] ::1 /Public/home_img/search_03.png
ERR: 无法加载模块:Public

[ 2017-04-11T15:12:50+08:00 ] ::1 /Public/home_img/search_03.png
ERR: 无法加载模块:Public

[ 2017-04-11T15:17:04+08:00 ] ::1 /Public/home_img/star.png
ERR: 无法加载模块:Public

[ 2017-04-11T15:19:16+08:00 ] ::1 /Public/home_img/search_03.png
ERR: 无法加载模块:Public

[ 2017-04-11T15:26:41+08:00 ] ::1 /Public/home_img/search_03.png
ERR: 无法加载模块:Public

[ 2017-04-11T15:28:37+08:00 ] ::1 /Public/home_img/search_03.png
ERR: 无法加载模块:Public

[ 2017-04-11T15:29:11+08:00 ] ::1 /Public/home_img/search_03.png
ERR: 无法加载模块:Public

[ 2017-04-11T15:30:44+08:00 ] ::1 /Public/home_img/search_03.png
ERR: 无法加载模块:Public

[ 2017-04-11T15:31:26+08:00 ] ::1 /Public/home_img/search_03.png
ERR: 无法加载模块:Public

[ 2017-04-11T15:31:27+08:00 ] ::1 /Public/home_img/search_03.png
ERR: 无法加载模块:Public

[ 2017-04-11T15:32:39+08:00 ] ::1 /Public/home_img/search_03.png
ERR: 无法加载模块:Public

[ 2017-04-11T15:33:11+08:00 ] ::1 /Public/home_img/search_03.png
ERR: 无法加载模块:Public

[ 2017-04-11T15:36:39+08:00 ] ::1 /Public/home_img/search_03.png
ERR: 无法加载模块:Public

[ 2017-04-11T15:37:26+08:00 ] 192.168.16.13 /webnoauth/model.cgi
ERR: 无法加载模块:Webnoauth

[ 2017-04-11T15:37:26+08:00 ] 192.168.16.13 /router/get_rand_key.cgi
ERR: 无法加载模块:Router

[ 2017-04-11T15:37:26+08:00 ] 192.168.16.13 /router/get_rand_key.cgi
ERR: 无法加载模块:Router

[ 2017-04-11T15:37:26+08:00 ] 192.168.16.13 /router/get_rand_key.cgi
ERR: 无法加载模块:Router

[ 2017-04-11T15:37:26+08:00 ] 192.168.16.13 /router/get_rand_key.cgi
ERR: 无法加载模块:Router

[ 2017-04-11T15:37:48+08:00 ] 192.168.16.13 /webnoauth/model.cgi
ERR: 无法加载模块:Webnoauth

[ 2017-04-11T15:37:48+08:00 ] 192.168.16.13 /router/get_rand_key.cgi
ERR: 无法加载模块:Router

[ 2017-04-11T15:37:48+08:00 ] 192.168.16.13 /router/get_rand_key.cgi
ERR: 无法加载模块:Router

[ 2017-04-11T15:37:48+08:00 ] 192.168.16.13 /router/get_rand_key.cgi
ERR: 无法加载模块:Router

[ 2017-04-11T15:37:48+08:00 ] 192.168.16.13 /router/get_rand_key.cgi
ERR: 无法加载模块:Router

[ 2017-04-11T15:38:09+08:00 ] 192.168.16.13 /webnoauth/model.cgi
ERR: 无法加载模块:Webnoauth

[ 2017-04-11T15:38:09+08:00 ] 192.168.16.13 /router/get_rand_key.cgi
ERR: 无法加载模块:Router

[ 2017-04-11T15:38:09+08:00 ] 192.168.16.13 /router/get_rand_key.cgi
ERR: 无法加载模块:Router

[ 2017-04-11T15:38:09+08:00 ] 192.168.16.13 /router/get_rand_key.cgi
ERR: 无法加载模块:Router

[ 2017-04-11T15:38:09+08:00 ] 192.168.16.13 /router/get_rand_key.cgi
ERR: 无法加载模块:Router

[ 2017-04-11T15:42:20+08:00 ] ::1 /Public/home_img/search_03.png
ERR: 无法加载模块:Public

[ 2017-04-11T15:42:31+08:00 ] ::1 /Public/home_img/search_03.png
ERR: 无法加载模块:Public

[ 2017-04-11T15:48:02+08:00 ] 192.168.16.13 /webnoauth/model.cgi
ERR: 无法加载模块:Webnoauth

[ 2017-04-11T15:48:02+08:00 ] 192.168.16.13 /router/get_rand_key.cgi
ERR: 无法加载模块:Router

[ 2017-04-11T15:48:02+08:00 ] 192.168.16.13 /router/get_rand_key.cgi
ERR: 无法加载模块:Router

[ 2017-04-11T15:48:03+08:00 ] 192.168.16.13 /router/get_rand_key.cgi
ERR: 无法加载模块:Router

[ 2017-04-11T15:48:03+08:00 ] 192.168.16.13 /router/get_rand_key.cgi
ERR: 无法加载模块:Router

[ 2017-04-11T15:48:26+08:00 ] ::1 /Public/home_img/search_03.png
ERR: 无法加载模块:Public

[ 2017-04-11T15:50:14+08:00 ] ::1 /Public/home_img/search_03.png
ERR: 无法加载模块:Public

[ 2017-04-11T15:51:19+08:00 ] ::1 /Public/home_img/search_03.png
ERR: 无法加载模块:Public

[ 2017-04-11T15:58:00+08:00 ] 192.168.16.13 /webnoauth/model.cgi
ERR: 无法加载模块:Webnoauth

[ 2017-04-11T15:58:00+08:00 ] 192.168.16.13 /router/get_rand_key.cgi
ERR: 无法加载模块:Router

[ 2017-04-11T15:58:00+08:00 ] 192.168.16.13 /router/get_rand_key.cgi
ERR: 无法加载模块:Router

[ 2017-04-11T15:58:00+08:00 ] 192.168.16.13 /router/get_rand_key.cgi
ERR: 无法加载模块:Router

[ 2017-04-11T15:58:00+08:00 ] 192.168.16.13 /router/get_rand_key.cgi
ERR: 无法加载模块:Router

[ 2017-04-11T16:02:41+08:00 ] 192.168.16.13 /webnoauth/model.cgi
ERR: 无法加载模块:Webnoauth

[ 2017-04-11T16:02:41+08:00 ] 192.168.16.13 /router/get_rand_key.cgi
ERR: 无法加载模块:Router

[ 2017-04-11T16:02:41+08:00 ] 192.168.16.13 /router/get_rand_key.cgi
ERR: 无法加载模块:Router

[ 2017-04-11T16:02:41+08:00 ] 192.168.16.13 /router/get_rand_key.cgi
ERR: 无法加载模块:Router

[ 2017-04-11T16:02:41+08:00 ] 192.168.16.13 /router/get_rand_key.cgi
ERR: 无法加载模块:Router

[ 2017-04-11T16:07:01+08:00 ] 192.168.16.13 /webnoauth/model.cgi
ERR: 无法加载模块:Webnoauth

[ 2017-04-11T16:07:01+08:00 ] 192.168.16.13 /router/get_rand_key.cgi
ERR: 无法加载模块:Router

[ 2017-04-11T16:07:03+08:00 ] 192.168.16.13 /router/get_rand_key.cgi
ERR: 无法加载模块:Router

[ 2017-04-11T16:07:04+08:00 ] 192.168.16.13 /router/get_rand_key.cgi
ERR: 无法加载模块:Router

[ 2017-04-11T16:07:04+08:00 ] 192.168.16.13 /router/get_rand_key.cgi
ERR: 无法加载模块:Router

[ 2017-04-11T16:08:43+08:00 ] 192.168.16.13 /webnoauth/model.cgi
ERR: 无法加载模块:Webnoauth

[ 2017-04-11T16:08:43+08:00 ] 192.168.16.13 /router/get_rand_key.cgi
ERR: 无法加载模块:Router

[ 2017-04-11T16:08:43+08:00 ] 192.168.16.13 /router/get_rand_key.cgi
ERR: 无法加载模块:Router

[ 2017-04-11T16:08:43+08:00 ] 192.168.16.13 /router/get_rand_key.cgi
ERR: 无法加载模块:Router

[ 2017-04-11T16:08:43+08:00 ] 192.168.16.13 /router/get_rand_key.cgi
ERR: 无法加载模块:Router

[ 2017-04-11T16:16:37+08:00 ] 192.168.16.176 /webnoauth/model.cgi
ERR: 无法加载模块:Webnoauth

[ 2017-04-11T16:16:37+08:00 ] 192.168.16.176 /router/get_rand_key.cgi
ERR: 无法加载模块:Router

[ 2017-04-11T16:16:37+08:00 ] 192.168.16.176 /router/get_rand_key.cgi
ERR: 无法加载模块:Router

[ 2017-04-11T16:16:37+08:00 ] 192.168.16.176 /router/get_rand_key.cgi
ERR: 无法加载模块:Router

[ 2017-04-11T16:16:37+08:00 ] 192.168.16.176 /router/get_rand_key.cgi
ERR: 无法加载模块:Router

[ 2017-04-11T16:18:13+08:00 ] 192.168.16.176 /webnoauth/model.cgi
ERR: 无法加载模块:Webnoauth

[ 2017-04-11T16:18:13+08:00 ] 192.168.16.176 /router/get_rand_key.cgi
ERR: 无法加载模块:Router

[ 2017-04-11T16:18:13+08:00 ] 192.168.16.176 /router/get_rand_key.cgi
ERR: 无法加载模块:Router

[ 2017-04-11T16:18:13+08:00 ] 192.168.16.176 /router/get_rand_key.cgi
ERR: 无法加载模块:Router

[ 2017-04-11T16:18:13+08:00 ] 192.168.16.176 /router/get_rand_key.cgi
ERR: 无法加载模块:Router

[ 2017-04-11T16:22:02+08:00 ] ::1 /Public/home_img/search_03.png
ERR: 无法加载模块:Public

[ 2017-04-11T16:30:55+08:00 ] 192.168.16.13 /webnoauth/model.cgi
ERR: 无法加载模块:Webnoauth

[ 2017-04-11T16:30:55+08:00 ] 192.168.16.13 /router/get_rand_key.cgi
ERR: 无法加载模块:Router

[ 2017-04-11T16:30:55+08:00 ] 192.168.16.13 /router/get_rand_key.cgi
ERR: 无法加载模块:Router

[ 2017-04-11T16:30:55+08:00 ] 192.168.16.13 /router/get_rand_key.cgi
ERR: 无法加载模块:Router

[ 2017-04-11T16:30:55+08:00 ] 192.168.16.13 /router/get_rand_key.cgi
ERR: 无法加载模块:Router

[ 2017-04-11T16:31:10+08:00 ] 192.168.16.13 /webnoauth/model.cgi
ERR: 无法加载模块:Webnoauth

[ 2017-04-11T16:31:10+08:00 ] 192.168.16.13 /router/get_rand_key.cgi
ERR: 无法加载模块:Router

[ 2017-04-11T16:31:10+08:00 ] 192.168.16.13 /router/get_rand_key.cgi
ERR: 无法加载模块:Router

[ 2017-04-11T16:31:10+08:00 ] 192.168.16.13 /router/get_rand_key.cgi
ERR: 无法加载模块:Router

[ 2017-04-11T16:31:10+08:00 ] 192.168.16.13 /router/get_rand_key.cgi
ERR: 无法加载模块:Router

[ 2017-04-11T16:31:55+08:00 ] 192.168.16.13 /webnoauth/model.cgi
ERR: 无法加载模块:Webnoauth

[ 2017-04-11T16:31:55+08:00 ] 192.168.16.13 /router/get_rand_key.cgi
ERR: 无法加载模块:Router

[ 2017-04-11T16:31:55+08:00 ] 192.168.16.13 /router/get_rand_key.cgi
ERR: 无法加载模块:Router

[ 2017-04-11T16:31:55+08:00 ] 192.168.16.13 /router/get_rand_key.cgi
ERR: 无法加载模块:Router

[ 2017-04-11T16:31:55+08:00 ] 192.168.16.13 /router/get_rand_key.cgi
ERR: 无法加载模块:Router

[ 2017-04-11T16:53:03+08:00 ] ::1 /Public/home_img/search_03.png
ERR: 无法加载模块:Public

[ 2017-04-11T17:05:48+08:00 ] 192.168.16.13 /webnoauth/model.cgi
ERR: 无法加载模块:Webnoauth

[ 2017-04-11T17:05:48+08:00 ] 192.168.16.13 /router/get_rand_key.cgi
ERR: 无法加载模块:Router

[ 2017-04-11T17:05:48+08:00 ] 192.168.16.13 /router/get_rand_key.cgi
ERR: 无法加载模块:Router

[ 2017-04-11T17:05:48+08:00 ] 192.168.16.13 /router/get_rand_key.cgi
ERR: 无法加载模块:Router

[ 2017-04-11T17:05:48+08:00 ] 192.168.16.13 /router/get_rand_key.cgi
ERR: 无法加载模块:Router

[ 2017-04-11T17:07:05+08:00 ] ::1 /Public/home_img/star.png
ERR: 无法加载模块:Public

[ 2017-04-11T17:08:01+08:00 ] ::1 /Public/home_img/star.png
ERR: 无法加载模块:Public

[ 2017-04-11T17:13:03+08:00 ] ::1 /Public/home_img/search_03.png
ERR: 无法加载模块:Public

[ 2017-04-11T17:15:52+08:00 ] ::1 /favicon.ico
ERR: 无法加载模块:Favicon

[ 2017-04-11T17:17:10+08:00 ] ::1 /favicon.ico
ERR: 无法加载模块:Favicon

[ 2017-04-11T17:21:13+08:00 ] ::1 /Public/home_img/star.png
ERR: 无法加载模块:Public

[ 2017-04-11T17:22:11+08:00 ] ::1 /Public/home_img/star.png
ERR: 无法加载模块:Public

[ 2017-04-11T17:23:25+08:00 ] ::1 /Public/home_img/star.png
ERR: 无法加载模块:Public

[ 2017-04-11T17:23:25+08:00 ] ::1 /favicon.ico
ERR: 无法加载模块:Favicon

[ 2017-04-11T17:24:07+08:00 ] ::1 /Public/home_img/star.png
ERR: 无法加载模块:Public

[ 2017-04-11T17:24:58+08:00 ] ::1 /Public/home_img/star.png
ERR: 无法加载模块:Public

[ 2017-04-11T17:26:24+08:00 ] ::1 /Public/home_img/star.png
ERR: 无法加载模块:Public

[ 2017-04-11T17:26:58+08:00 ] ::1 /Public/wang/img/level.png
ERR: 无法加载模块:Public

[ 2017-04-11T17:28:14+08:00 ] ::1 /Public/wang/img/level.png
ERR: 无法加载模块:Public

