[ 2017-07-03T11:45:22+08:00 ] 127.0.0.1 /admin
INFO: [ app_init ] --START--
INFO: Run Behavior\BuildLiteBehavior [ RunTime:0.000000s ]
INFO: [ app_init ] --END-- [ RunTime:0.000000s ]
INFO: [ app_begin ] --START--
INFO: Run Behavior\ReadHtmlCacheBehavior [ RunTime:0.001000s ]
INFO: [ app_begin ] --END-- [ RunTime:0.001000s ]
SQL: SHOW COLUMNS FROM `an_system` [ RunTime:0.0030s ]
SQL: SELECT * FROM `an_system` WHERE `id` = 1 LIMIT 1   [ RunTime:0.0010s ]
SQL: SHOW COLUMNS FROM `an_project` [ RunTime:0.0060s ]
SQL: SELECT * FROM `an_project`  [ RunTime:0.0010s ]
SQL: SHOW COLUMNS FROM `an_member_consult` [ RunTime:0.0130s ]
SQL: SELECT a.*,b.username as name FROM an_member_consult as a left join an_member as b on b.id = a.member_id  WHERE a.status = 0  [ RunTime:0.0030s ]
SQL: SHOW COLUMNS FROM `an_member_recharge` [ RunTime:0.0030s ]
SQL: SELECT a.*,b.username as name FROM an_member_recharge as a left join an_member as b on b.id = a.member_id  WHERE a.is_pass = 0  [ RunTime:0.0010s ]
SQL: SHOW COLUMNS FROM `an_member_cash` [ RunTime:0.0030s ]
SQL: SELECT a.*,b.username as name FROM an_member_cash as a left join an_member as b on b.id = a.member_id  WHERE a.is_pass = 0  [ RunTime:0.0010s ]

[ 2017-07-03T11:45:22+08:00 ] 127.0.0.1 /admin/login/index.html
INFO: [ app_init ] --START--
INFO: Run Behavior\BuildLiteBehavior [ RunTime:0.000000s ]
INFO: [ app_init ] --END-- [ RunTime:0.000000s ]
INFO: [ app_begin ] --START--
INFO: Run Behavior\ReadHtmlCacheBehavior [ RunTime:0.000000s ]
INFO: [ app_begin ] --END-- [ RunTime:0.001000s ]
SQL: SHOW COLUMNS FROM `an_system` [ RunTime:0.0040s ]
SQL: SELECT * FROM `an_system` WHERE `id` = 1 LIMIT 1   [ RunTime:0.0010s ]
SQL: SHOW COLUMNS FROM `an_project` [ RunTime:0.0030s ]
SQL: SELECT * FROM `an_project`  [ RunTime:0.0010s ]
SQL: SHOW COLUMNS FROM `an_member_consult` [ RunTime:0.0030s ]
SQL: SELECT a.*,b.username as name FROM an_member_consult as a left join an_member as b on b.id = a.member_id  WHERE a.status = 0  [ RunTime:0.0010s ]
SQL: SHOW COLUMNS FROM `an_member_recharge` [ RunTime:0.0030s ]
SQL: SELECT a.*,b.username as name FROM an_member_recharge as a left join an_member as b on b.id = a.member_id  WHERE a.is_pass = 0  [ RunTime:0.0010s ]
SQL: SHOW COLUMNS FROM `an_member_cash` [ RunTime:0.0030s ]
SQL: SELECT a.*,b.username as name FROM an_member_cash as a left join an_member as b on b.id = a.member_id  WHERE a.is_pass = 0  [ RunTime:0.0010s ]
INFO: [ view_parse ] --START--
INFO: [ template_filter ] --START--
INFO: Run Behavior\ContentReplaceBehavior [ RunTime:0.001000s ]
INFO: [ template_filter ] --END-- [ RunTime:0.002000s ]
INFO: Run Behavior\ParseTemplateBehavior [ RunTime:0.022001s ]
INFO: [ view_parse ] --END-- [ RunTime:0.022001s ]
INFO: [ view_filter ] --START--
INFO: Run Behavior\WriteHtmlCacheBehavior [ RunTime:0.001000s ]
INFO: [ view_filter ] --END-- [ RunTime:0.001000s ]
INFO: [ app_end ] --START--
INFO: Run Behavior\ShowPageTraceBehavior [ RunTime:0.000000s ]
INFO: [ app_end ] --END-- [ RunTime:0.000000s ]

[ 2017-07-03T11:45:22+08:00 ] 127.0.0.1 /admin/login/index.html
INFO: [ app_init ] --START--
INFO: Run Behavior\BuildLiteBehavior [ RunTime:0.000000s ]
INFO: [ app_init ] --END-- [ RunTime:0.000000s ]
INFO: [ app_begin ] --START--
INFO: Run Behavior\ReadHtmlCacheBehavior [ RunTime:0.000000s ]
INFO: [ app_begin ] --END-- [ RunTime:0.000000s ]
SQL: SHOW COLUMNS FROM `an_system` [ RunTime:0.0050s ]
SQL: SELECT * FROM `an_system` WHERE `id` = 1 LIMIT 1   [ RunTime:0.0010s ]
SQL: SHOW COLUMNS FROM `an_project` [ RunTime:0.0030s ]
SQL: SELECT * FROM `an_project`  [ RunTime:0.0010s ]
SQL: SHOW COLUMNS FROM `an_member_consult` [ RunTime:0.0020s ]
SQL: SELECT a.*,b.username as name FROM an_member_consult as a left join an_member as b on b.id = a.member_id  WHERE a.status = 0  [ RunTime:0.0010s ]
SQL: SHOW COLUMNS FROM `an_member_recharge` [ RunTime:0.0020s ]
SQL: SELECT a.*,b.username as name FROM an_member_recharge as a left join an_member as b on b.id = a.member_id  WHERE a.is_pass = 0  [ RunTime:0.0010s ]
SQL: SHOW COLUMNS FROM `an_member_cash` [ RunTime:0.0020s ]
SQL: SELECT a.*,b.username as name FROM an_member_cash as a left join an_member as b on b.id = a.member_id  WHERE a.is_pass = 0  [ RunTime:0.0010s ]
INFO: [ view_parse ] --START--
INFO: [ template_filter ] --START--
INFO: Run Behavior\ContentReplaceBehavior [ RunTime:0.001000s ]
INFO: [ template_filter ] --END-- [ RunTime:0.001000s ]
INFO: Run Behavior\ParseTemplateBehavior [ RunTime:0.022001s ]
INFO: [ view_parse ] --END-- [ RunTime:0.022001s ]
INFO: [ view_filter ] --START--
INFO: Run Behavior\WriteHtmlCacheBehavior [ RunTime:0.000000s ]
INFO: [ view_filter ] --END-- [ RunTime:0.000000s ]
INFO: [ app_end ] --START--
INFO: Run Behavior\ShowPageTraceBehavior [ RunTime:0.001000s ]
INFO: [ app_end ] --END-- [ RunTime:0.001000s ]

[ 2017-07-03T11:45:22+08:00 ] 127.0.0.1 /admin/Login/captcha.html
INFO: [ app_init ] --START--
INFO: Run Behavior\BuildLiteBehavior [ RunTime:0.000000s ]
INFO: [ app_init ] --END-- [ RunTime:0.000000s ]
INFO: [ app_begin ] --START--
INFO: Run Behavior\ReadHtmlCacheBehavior [ RunTime:0.001000s ]
INFO: [ app_begin ] --END-- [ RunTime:0.001000s ]
SQL: SHOW COLUMNS FROM `an_system` [ RunTime:0.0020s ]
SQL: SELECT * FROM `an_system` WHERE `id` = 1 LIMIT 1   [ RunTime:0.0000s ]
SQL: SHOW COLUMNS FROM `an_project` [ RunTime:0.0030s ]
SQL: SELECT * FROM `an_project`  [ RunTime:0.0000s ]
SQL: SHOW COLUMNS FROM `an_member_consult` [ RunTime:0.0030s ]
SQL: SELECT a.*,b.username as name FROM an_member_consult as a left join an_member as b on b.id = a.member_id  WHERE a.status = 0  [ RunTime:0.0000s ]
SQL: SHOW COLUMNS FROM `an_member_recharge` [ RunTime:0.0030s ]
SQL: SELECT a.*,b.username as name FROM an_member_recharge as a left join an_member as b on b.id = a.member_id  WHERE a.is_pass = 0  [ RunTime:0.0000s ]
SQL: SHOW COLUMNS FROM `an_member_cash` [ RunTime:0.0030s ]
SQL: SELECT a.*,b.username as name FROM an_member_cash as a left join an_member as b on b.id = a.member_id  WHERE a.is_pass = 0  [ RunTime:0.0010s ]
INFO: [ app_end ] --START--
INFO: Run Behavior\ShowPageTraceBehavior [ RunTime:0.001000s ]
INFO: [ app_end ] --END-- [ RunTime:0.001000s ]

[ 2017-07-03T11:46:21+08:00 ] 127.0.0.1 /admin
INFO: [ app_init ] --START--
INFO: Run Behavior\BuildLiteBehavior [ RunTime:0.000000s ]
INFO: [ app_init ] --END-- [ RunTime:0.000000s ]
INFO: [ app_begin ] --START--
INFO: Run Behavior\ReadHtmlCacheBehavior [ RunTime:0.000000s ]
INFO: [ app_begin ] --END-- [ RunTime:0.000000s ]
SQL: SHOW COLUMNS FROM `an_system` [ RunTime:0.0040s ]
SQL: SELECT * FROM `an_system` WHERE `id` = 1 LIMIT 1   [ RunTime:0.0010s ]
SQL: SHOW COLUMNS FROM `an_project` [ RunTime:0.0030s ]
SQL: SELECT * FROM `an_project`  [ RunTime:0.0000s ]
SQL: SHOW COLUMNS FROM `an_member_consult` [ RunTime:0.0030s ]
SQL: SELECT a.*,b.username as name FROM an_member_consult as a left join an_member as b on b.id = a.member_id  WHERE a.status = 0  [ RunTime:0.0010s ]
SQL: SHOW COLUMNS FROM `an_member_recharge` [ RunTime:0.0030s ]
SQL: SELECT a.*,b.username as name FROM an_member_recharge as a left join an_member as b on b.id = a.member_id  WHERE a.is_pass = 0  [ RunTime:0.0010s ]
SQL: SHOW COLUMNS FROM `an_member_cash` [ RunTime:0.0030s ]
SQL: SELECT a.*,b.username as name FROM an_member_cash as a left join an_member as b on b.id = a.member_id  WHERE a.is_pass = 0  [ RunTime:0.0010s ]

[ 2017-07-03T11:46:21+08:00 ] 127.0.0.1 /admin/login/index.html
INFO: [ app_init ] --START--
INFO: Run Behavior\BuildLiteBehavior [ RunTime:0.000000s ]
INFO: [ app_init ] --END-- [ RunTime:0.001000s ]
INFO: [ app_begin ] --START--
INFO: Run Behavior\ReadHtmlCacheBehavior [ RunTime:0.000000s ]
INFO: [ app_begin ] --END-- [ RunTime:0.000000s ]
SQL: SHOW COLUMNS FROM `an_system` [ RunTime:0.0020s ]
SQL: SELECT * FROM `an_system` WHERE `id` = 1 LIMIT 1   [ RunTime:0.0010s ]
SQL: SHOW COLUMNS FROM `an_project` [ RunTime:0.0020s ]
SQL: SELECT * FROM `an_project`  [ RunTime:0.0000s ]
SQL: SHOW COLUMNS FROM `an_member_consult` [ RunTime:0.0030s ]
SQL: SELECT a.*,b.username as name FROM an_member_consult as a left join an_member as b on b.id = a.member_id  WHERE a.status = 0  [ RunTime:0.0000s ]
SQL: SHOW COLUMNS FROM `an_member_recharge` [ RunTime:0.0020s ]
SQL: SELECT a.*,b.username as name FROM an_member_recharge as a left join an_member as b on b.id = a.member_id  WHERE a.is_pass = 0  [ RunTime:0.0010s ]
SQL: SHOW COLUMNS FROM `an_member_cash` [ RunTime:0.0020s ]
SQL: SELECT a.*,b.username as name FROM an_member_cash as a left join an_member as b on b.id = a.member_id  WHERE a.is_pass = 0  [ RunTime:0.0010s ]
INFO: [ view_parse ] --START--
INFO: [ template_filter ] --START--
INFO: Run Behavior\ContentReplaceBehavior [ RunTime:0.001000s ]
INFO: [ template_filter ] --END-- [ RunTime:0.001000s ]
INFO: Run Behavior\ParseTemplateBehavior [ RunTime:0.022001s ]
INFO: [ view_parse ] --END-- [ RunTime:0.022001s ]
INFO: [ view_filter ] --START--
INFO: Run Behavior\WriteHtmlCacheBehavior [ RunTime:0.000000s ]
INFO: [ view_filter ] --END-- [ RunTime:0.000000s ]
INFO: [ app_end ] --START--
INFO: Run Behavior\ShowPageTraceBehavior [ RunTime:0.000000s ]
INFO: [ app_end ] --END-- [ RunTime:0.000000s ]

[ 2017-07-03T11:46:21+08:00 ] 127.0.0.1 /admin/login/index.html
INFO: [ app_init ] --START--
INFO: Run Behavior\BuildLiteBehavior [ RunTime:0.000000s ]
INFO: [ app_init ] --END-- [ RunTime:0.000000s ]
INFO: [ app_begin ] --START--
INFO: Run Behavior\ReadHtmlCacheBehavior [ RunTime:0.000000s ]
INFO: [ app_begin ] --END-- [ RunTime:0.000000s ]
SQL: SHOW COLUMNS FROM `an_system` [ RunTime:0.0020s ]
SQL: SELECT * FROM `an_system` WHERE `id` = 1 LIMIT 1   [ RunTime:0.0010s ]
SQL: SHOW COLUMNS FROM `an_project` [ RunTime:0.0030s ]
SQL: SELECT * FROM `an_project`  [ RunTime:0.0000s ]
SQL: SHOW COLUMNS FROM `an_member_consult` [ RunTime:0.0030s ]
SQL: SELECT a.*,b.username as name FROM an_member_consult as a left join an_member as b on b.id = a.member_id  WHERE a.status = 0  [ RunTime:0.0000s ]
SQL: SHOW COLUMNS FROM `an_member_recharge` [ RunTime:0.0030s ]
SQL: SELECT a.*,b.username as name FROM an_member_recharge as a left join an_member as b on b.id = a.member_id  WHERE a.is_pass = 0  [ RunTime:0.0000s ]
SQL: SHOW COLUMNS FROM `an_member_cash` [ RunTime:0.0040s ]
SQL: SELECT a.*,b.username as name FROM an_member_cash as a left join an_member as b on b.id = a.member_id  WHERE a.is_pass = 0  [ RunTime:0.0010s ]
INFO: [ view_parse ] --START--
INFO: [ template_filter ] --START--
INFO: Run Behavior\ContentReplaceBehavior [ RunTime:0.002000s ]
INFO: [ template_filter ] --END-- [ RunTime:0.002000s ]
INFO: Run Behavior\ParseTemplateBehavior [ RunTime:0.022001s ]
INFO: [ view_parse ] --END-- [ RunTime:0.022001s ]
INFO: [ view_filter ] --START--
INFO: Run Behavior\WriteHtmlCacheBehavior [ RunTime:0.001001s ]
INFO: [ view_filter ] --END-- [ RunTime:0.001001s ]
INFO: [ app_end ] --START--
INFO: Run Behavior\ShowPageTraceBehavior [ RunTime:0.000000s ]
INFO: [ app_end ] --END-- [ RunTime:0.000000s ]

[ 2017-07-03T11:46:21+08:00 ] 127.0.0.1 /admin/Login/captcha.html
INFO: [ app_init ] --START--
INFO: Run Behavior\BuildLiteBehavior [ RunTime:0.000000s ]
INFO: [ app_init ] --END-- [ RunTime:0.000000s ]
INFO: [ app_begin ] --START--
INFO: Run Behavior\ReadHtmlCacheBehavior [ RunTime:0.000000s ]
INFO: [ app_begin ] --END-- [ RunTime:0.000000s ]
SQL: SHOW COLUMNS FROM `an_system` [ RunTime:0.0030s ]
SQL: SELECT * FROM `an_system` WHERE `id` = 1 LIMIT 1   [ RunTime:0.0010s ]
SQL: SHOW COLUMNS FROM `an_project` [ RunTime:0.0040s ]
SQL: SELECT * FROM `an_project`  [ RunTime:0.0010s ]
SQL: SHOW COLUMNS FROM `an_member_consult` [ RunTime:0.0030s ]
SQL: SELECT a.*,b.username as name FROM an_member_consult as a left join an_member as b on b.id = a.member_id  WHERE a.status = 0  [ RunTime:0.0000s ]
SQL: SHOW COLUMNS FROM `an_member_recharge` [ RunTime:0.0030s ]
SQL: SELECT a.*,b.username as name FROM an_member_recharge as a left join an_member as b on b.id = a.member_id  WHERE a.is_pass = 0  [ RunTime:0.0000s ]
SQL: SHOW COLUMNS FROM `an_member_cash` [ RunTime:0.0040s ]
SQL: SELECT a.*,b.username as name FROM an_member_cash as a left join an_member as b on b.id = a.member_id  WHERE a.is_pass = 0  [ RunTime:0.0010s ]
INFO: [ app_end ] --START--
INFO: Run Behavior\ShowPageTraceBehavior [ RunTime:0.001000s ]
INFO: [ app_end ] --END-- [ RunTime:0.001000s ]

[ 2017-07-03T11:46:33+08:00 ] 127.0.0.1 /admin/Login/login
INFO: [ app_init ] --START--
INFO: Run Behavior\BuildLiteBehavior [ RunTime:0.000000s ]
INFO: [ app_init ] --END-- [ RunTime:0.001000s ]
INFO: [ app_begin ] --START--
INFO: Run Behavior\ReadHtmlCacheBehavior [ RunTime:0.000000s ]
INFO: [ app_begin ] --END-- [ RunTime:0.001000s ]
SQL: SHOW COLUMNS FROM `an_system` [ RunTime:0.0080s ]
SQL: SELECT * FROM `an_system` WHERE `id` = 1 LIMIT 1   [ RunTime:0.0010s ]
SQL: SHOW COLUMNS FROM `an_project` [ RunTime:0.0080s ]
SQL: SELECT * FROM `an_project`  [ RunTime:0.0010s ]
SQL: SHOW COLUMNS FROM `an_member_consult` [ RunTime:0.0080s ]
SQL: SELECT a.*,b.username as name FROM an_member_consult as a left join an_member as b on b.id = a.member_id  WHERE a.status = 0  [ RunTime:0.0010s ]
SQL: SHOW COLUMNS FROM `an_member_recharge` [ RunTime:0.0070s ]
SQL: SELECT a.*,b.username as name FROM an_member_recharge as a left join an_member as b on b.id = a.member_id  WHERE a.is_pass = 0  [ RunTime:0.0010s ]
SQL: SHOW COLUMNS FROM `an_member_cash` [ RunTime:0.0070s ]
SQL: SELECT a.*,b.username as name FROM an_member_cash as a left join an_member as b on b.id = a.member_id  WHERE a.is_pass = 0  [ RunTime:0.0020s ]
SQL: SHOW COLUMNS FROM `an_user` [ RunTime:0.0060s ]
SQL: SELECT * FROM `an_user` WHERE `username` = 'admin' LIMIT 1   [ RunTime:0.0010s ]
SQL: UPDATE `an_user` SET `session_token`='14e275786b04b895fb23e1de0f66aafa',`create_time`='1499053593',`last_ip`='127.0.0.1' WHERE `id` = 1 [ RunTime:0.0010s ]

[ 2017-07-03T11:46:33+08:00 ] 127.0.0.1 /admin/Index/index
INFO: [ app_init ] --START--
INFO: Run Behavior\BuildLiteBehavior [ RunTime:0.000000s ]
INFO: [ app_init ] --END-- [ RunTime:0.000000s ]
INFO: [ app_begin ] --START--
INFO: Run Behavior\ReadHtmlCacheBehavior [ RunTime:0.000000s ]
INFO: [ app_begin ] --END-- [ RunTime:0.000000s ]
SQL: SHOW COLUMNS FROM `an_system` [ RunTime:0.0070s ]
SQL: SELECT * FROM `an_system` WHERE `id` = 1 LIMIT 1   [ RunTime:0.0000s ]
SQL: SHOW COLUMNS FROM `an_project` [ RunTime:0.0090s ]
SQL: SELECT * FROM `an_project`  [ RunTime:0.0010s ]
SQL: SHOW COLUMNS FROM `an_member_consult` [ RunTime:0.0070s ]
SQL: SELECT a.*,b.username as name FROM an_member_consult as a left join an_member as b on b.id = a.member_id  WHERE a.status = 0  [ RunTime:0.0010s ]
SQL: SHOW COLUMNS FROM `an_member_recharge` [ RunTime:0.0050s ]
SQL: SELECT a.*,b.username as name FROM an_member_recharge as a left join an_member as b on b.id = a.member_id  WHERE a.is_pass = 0  [ RunTime:0.0010s ]
SQL: SHOW COLUMNS FROM `an_member_cash` [ RunTime:0.0060s ]
SQL: SELECT a.*,b.username as name FROM an_member_cash as a left join an_member as b on b.id = a.member_id  WHERE a.is_pass = 0  [ RunTime:0.0010s ]
SQL: SHOW COLUMNS FROM `an_user` [ RunTime:0.0050s ]
SQL: SELECT * FROM `an_user` WHERE `session_token` = '14e275786b04b895fb23e1de0f66aafa' LIMIT 1   [ RunTime:0.0000s ]
SQL: SELECT COUNT(*) AS tp_count FROM `an_project` LIMIT 1   [ RunTime:0.0010s ]
SQL: SHOW COLUMNS FROM `an_member_support` [ RunTime:0.0160s ]
SQL: SELECT SUM(support_money) AS tp_sum FROM `an_member_support` WHERE `create_time` >= '2017-07-1 00:00:00' LIMIT 1   [ RunTime:0.0010s ]
SQL: SHOW COLUMNS FROM `an_member` [ RunTime:0.0080s ]
SQL: SELECT COUNT(*) AS tp_count FROM `an_member` LIMIT 1   [ RunTime:0.0000s ]
INFO: [ view_parse ] --START--
INFO: [ template_filter ] --START--
INFO: Run Behavior\ContentReplaceBehavior [ RunTime:0.001000s ]
INFO: [ template_filter ] --END-- [ RunTime:0.001000s ]
INFO: Run Behavior\ParseTemplateBehavior [ RunTime:0.037002s ]
INFO: [ view_parse ] --END-- [ RunTime:0.037002s ]
INFO: [ view_filter ] --START--
INFO: Run Behavior\WriteHtmlCacheBehavior [ RunTime:0.000000s ]
INFO: [ view_filter ] --END-- [ RunTime:0.000000s ]
INFO: [ app_end ] --START--
INFO: Run Behavior\ShowPageTraceBehavior [ RunTime:0.001000s ]
INFO: [ app_end ] --END-- [ RunTime:0.001000s ]

[ 2017-07-03T11:46:34+08:00 ] 127.0.0.1 /admin/Index/index
INFO: [ app_init ] --START--
INFO: Run Behavior\BuildLiteBehavior [ RunTime:0.000000s ]
INFO: [ app_init ] --END-- [ RunTime:0.000000s ]
INFO: [ app_begin ] --START--
INFO: Run Behavior\ReadHtmlCacheBehavior [ RunTime:0.000000s ]
INFO: [ app_begin ] --END-- [ RunTime:0.000000s ]
SQL: SHOW COLUMNS FROM `an_system` [ RunTime:0.0060s ]
SQL: SELECT * FROM `an_system` WHERE `id` = 1 LIMIT 1   [ RunTime:0.0000s ]
SQL: SHOW COLUMNS FROM `an_project` [ RunTime:0.0070s ]
SQL: SELECT * FROM `an_project`  [ RunTime:0.0010s ]
SQL: SHOW COLUMNS FROM `an_member_consult` [ RunTime:0.0060s ]
SQL: SELECT a.*,b.username as name FROM an_member_consult as a left join an_member as b on b.id = a.member_id  WHERE a.status = 0  [ RunTime:0.0000s ]
SQL: SHOW COLUMNS FROM `an_member_recharge` [ RunTime:0.0070s ]
SQL: SELECT a.*,b.username as name FROM an_member_recharge as a left join an_member as b on b.id = a.member_id  WHERE a.is_pass = 0  [ RunTime:0.0010s ]
SQL: SHOW COLUMNS FROM `an_member_cash` [ RunTime:0.0060s ]
SQL: SELECT a.*,b.username as name FROM an_member_cash as a left join an_member as b on b.id = a.member_id  WHERE a.is_pass = 0  [ RunTime:0.0010s ]
SQL: SHOW COLUMNS FROM `an_user` [ RunTime:0.0060s ]
SQL: SELECT * FROM `an_user` WHERE `session_token` = '14e275786b04b895fb23e1de0f66aafa' LIMIT 1   [ RunTime:0.0000s ]
SQL: SELECT COUNT(*) AS tp_count FROM `an_project` LIMIT 1   [ RunTime:0.0000s ]
SQL: SHOW COLUMNS FROM `an_member_support` [ RunTime:0.0060s ]
SQL: SELECT SUM(support_money) AS tp_sum FROM `an_member_support` WHERE `create_time` >= '2017-07-1 00:00:00' LIMIT 1   [ RunTime:0.0010s ]
SQL: SHOW COLUMNS FROM `an_member` [ RunTime:0.0080s ]
SQL: SELECT COUNT(*) AS tp_count FROM `an_member` LIMIT 1   [ RunTime:0.0000s ]
INFO: [ view_parse ] --START--
INFO: [ template_filter ] --START--
INFO: Run Behavior\ContentReplaceBehavior [ RunTime:0.001000s ]
INFO: [ template_filter ] --END-- [ RunTime:0.002000s ]
INFO: Run Behavior\ParseTemplateBehavior [ RunTime:0.029002s ]
INFO: [ view_parse ] --END-- [ RunTime:0.029002s ]
INFO: [ view_filter ] --START--
INFO: Run Behavior\WriteHtmlCacheBehavior [ RunTime:0.000000s ]
INFO: [ view_filter ] --END-- [ RunTime:0.000000s ]
INFO: [ app_end ] --START--
INFO: Run Behavior\ShowPageTraceBehavior [ RunTime:0.000000s ]
INFO: [ app_end ] --END-- [ RunTime:0.000000s ]

[ 2017-07-03T11:46:38+08:00 ] 127.0.0.1 /admin/Member/select/sh/1-0.html
INFO: [ app_init ] --START--
INFO: Run Behavior\BuildLiteBehavior [ RunTime:0.000000s ]
INFO: [ app_init ] --END-- [ RunTime:0.000000s ]
INFO: [ app_begin ] --START--
INFO: Run Behavior\ReadHtmlCacheBehavior [ RunTime:0.000000s ]
INFO: [ app_begin ] --END-- [ RunTime:0.000000s ]
SQL: SHOW COLUMNS FROM `an_system` [ RunTime:0.0130s ]
SQL: SELECT * FROM `an_system` WHERE `id` = 1 LIMIT 1   [ RunTime:0.0020s ]
SQL: SHOW COLUMNS FROM `an_project` [ RunTime:0.0130s ]
SQL: SELECT * FROM `an_project`  [ RunTime:0.0010s ]
SQL: SHOW COLUMNS FROM `an_member_consult` [ RunTime:0.0080s ]
SQL: SELECT a.*,b.username as name FROM an_member_consult as a left join an_member as b on b.id = a.member_id  WHERE a.status = 0  [ RunTime:0.0020s ]
SQL: SHOW COLUMNS FROM `an_member_recharge` [ RunTime:0.0080s ]
SQL: SELECT a.*,b.username as name FROM an_member_recharge as a left join an_member as b on b.id = a.member_id  WHERE a.is_pass = 0  [ RunTime:0.0010s ]
SQL: SHOW COLUMNS FROM `an_member_cash` [ RunTime:0.0080s ]
SQL: SELECT a.*,b.username as name FROM an_member_cash as a left join an_member as b on b.id = a.member_id  WHERE a.is_pass = 0  [ RunTime:0.0010s ]
SQL: SHOW COLUMNS FROM `an_user` [ RunTime:0.0080s ]
SQL: SELECT * FROM `an_user` WHERE `session_token` = '14e275786b04b895fb23e1de0f66aafa' LIMIT 1   [ RunTime:0.0010s ]
NOTIC: [8] Undefined index: username D:\phpStudy\WWW\anbl\Application\Admin\Controller\MemberController.class.php 第 28 行.
NOTIC: [8] Undefined index: money D:\phpStudy\WWW\anbl\Application\Admin\Controller\MemberController.class.php 第 40 行.
NOTIC: [8] Undefined index: province D:\phpStudy\WWW\anbl\Application\Admin\Controller\MemberController.class.php 第 53 行.
NOTIC: [8] Undefined index: city D:\phpStudy\WWW\anbl\Application\Admin\Controller\MemberController.class.php 第 53 行.
NOTIC: [8] Undefined index: county D:\phpStudy\WWW\anbl\Application\Admin\Controller\MemberController.class.php 第 53 行.
SQL: SHOW COLUMNS FROM `an_member` [ RunTime:0.0090s ]
SQL: SELECT COUNT(*) AS tp_count FROM `an_member` ORDER BY create_time desc  LIMIT 1   [ RunTime:0.0010s ]
SQL: SELECT * FROM `an_member` ORDER BY create_time desc  LIMIT 0,15   [ RunTime:0.0010s ]
INFO: [ view_parse ] --START--
INFO: [ template_filter ] --START--
INFO: Run Behavior\ContentReplaceBehavior [ RunTime:0.001000s ]
INFO: [ template_filter ] --END-- [ RunTime:0.001000s ]
INFO: Run Behavior\ParseTemplateBehavior [ RunTime:0.039002s ]
INFO: [ view_parse ] --END-- [ RunTime:0.039002s ]
INFO: [ view_filter ] --START--
INFO: Run Behavior\WriteHtmlCacheBehavior [ RunTime:0.000000s ]
INFO: [ view_filter ] --END-- [ RunTime:0.000000s ]
INFO: [ app_end ] --START--
INFO: Run Behavior\ShowPageTraceBehavior [ RunTime:0.000000s ]
INFO: [ app_end ] --END-- [ RunTime:0.000000s ]

[ 2017-07-03T11:46:38+08:00 ] 127.0.0.1 /admin/Member/select/sh/1-0.html
INFO: [ app_init ] --START--
INFO: Run Behavior\BuildLiteBehavior [ RunTime:0.000000s ]
INFO: [ app_init ] --END-- [ RunTime:0.000000s ]
INFO: [ app_begin ] --START--
INFO: Run Behavior\ReadHtmlCacheBehavior [ RunTime:0.001000s ]
INFO: [ app_begin ] --END-- [ RunTime:0.001000s ]
SQL: SHOW COLUMNS FROM `an_system` [ RunTime:0.0050s ]
SQL: SELECT * FROM `an_system` WHERE `id` = 1 LIMIT 1   [ RunTime:0.0010s ]
SQL: SHOW COLUMNS FROM `an_project` [ RunTime:0.0080s ]
SQL: SELECT * FROM `an_project`  [ RunTime:0.0010s ]
SQL: SHOW COLUMNS FROM `an_member_consult` [ RunTime:0.0070s ]
SQL: SELECT a.*,b.username as name FROM an_member_consult as a left join an_member as b on b.id = a.member_id  WHERE a.status = 0  [ RunTime:0.0000s ]
SQL: SHOW COLUMNS FROM `an_member_recharge` [ RunTime:0.0060s ]
SQL: SELECT a.*,b.username as name FROM an_member_recharge as a left join an_member as b on b.id = a.member_id  WHERE a.is_pass = 0  [ RunTime:0.0010s ]
SQL: SHOW COLUMNS FROM `an_member_cash` [ RunTime:0.0070s ]
SQL: SELECT a.*,b.username as name FROM an_member_cash as a left join an_member as b on b.id = a.member_id  WHERE a.is_pass = 0  [ RunTime:0.0010s ]
SQL: SHOW COLUMNS FROM `an_user` [ RunTime:0.0070s ]
SQL: SELECT * FROM `an_user` WHERE `session_token` = '14e275786b04b895fb23e1de0f66aafa' LIMIT 1   [ RunTime:0.0010s ]
NOTIC: [8] Undefined index: username D:\phpStudy\WWW\anbl\Application\Admin\Controller\MemberController.class.php 第 28 行.
NOTIC: [8] Undefined index: money D:\phpStudy\WWW\anbl\Application\Admin\Controller\MemberController.class.php 第 40 行.
NOTIC: [8] Undefined index: province D:\phpStudy\WWW\anbl\Application\Admin\Controller\MemberController.class.php 第 53 行.
NOTIC: [8] Undefined index: city D:\phpStudy\WWW\anbl\Application\Admin\Controller\MemberController.class.php 第 53 行.
NOTIC: [8] Undefined index: county D:\phpStudy\WWW\anbl\Application\Admin\Controller\MemberController.class.php 第 53 行.
SQL: SHOW COLUMNS FROM `an_member` [ RunTime:0.0070s ]
SQL: SELECT COUNT(*) AS tp_count FROM `an_member` ORDER BY create_time desc  LIMIT 1   [ RunTime:0.0000s ]
SQL: SELECT * FROM `an_member` ORDER BY create_time desc  LIMIT 0,15   [ RunTime:0.0010s ]
INFO: [ view_parse ] --START--
INFO: [ template_filter ] --START--
INFO: Run Behavior\ContentReplaceBehavior [ RunTime:0.001000s ]
INFO: [ template_filter ] --END-- [ RunTime:0.001000s ]
INFO: Run Behavior\ParseTemplateBehavior [ RunTime:0.033002s ]
INFO: [ view_parse ] --END-- [ RunTime:0.033002s ]
INFO: [ view_filter ] --START--
INFO: Run Behavior\WriteHtmlCacheBehavior [ RunTime:0.001000s ]
INFO: [ view_filter ] --END-- [ RunTime:0.001000s ]
INFO: [ app_end ] --START--
INFO: Run Behavior\ShowPageTraceBehavior [ RunTime:0.000000s ]
INFO: [ app_end ] --END-- [ RunTime:0.000000s ]

[ 2017-07-03T11:46:40+08:00 ] 127.0.0.1 /admin/Member/addMember/sh/1-1.html
INFO: [ app_init ] --START--
INFO: Run Behavior\BuildLiteBehavior [ RunTime:0.000000s ]
INFO: [ app_init ] --END-- [ RunTime:0.001000s ]
INFO: [ app_begin ] --START--
INFO: Run Behavior\ReadHtmlCacheBehavior [ RunTime:0.001000s ]
INFO: [ app_begin ] --END-- [ RunTime:0.001000s ]
SQL: SHOW COLUMNS FROM `an_system` [ RunTime:0.0120s ]
SQL: SELECT * FROM `an_system` WHERE `id` = 1 LIMIT 1   [ RunTime:0.0010s ]
SQL: SHOW COLUMNS FROM `an_project` [ RunTime:0.0110s ]
SQL: SELECT * FROM `an_project`  [ RunTime:0.0010s ]
SQL: SHOW COLUMNS FROM `an_member_consult` [ RunTime:0.0080s ]
SQL: SELECT a.*,b.username as name FROM an_member_consult as a left join an_member as b on b.id = a.member_id  WHERE a.status = 0  [ RunTime:0.0010s ]
SQL: SHOW COLUMNS FROM `an_member_recharge` [ RunTime:0.0080s ]
SQL: SELECT a.*,b.username as name FROM an_member_recharge as a left join an_member as b on b.id = a.member_id  WHERE a.is_pass = 0  [ RunTime:0.0010s ]
SQL: SHOW COLUMNS FROM `an_member_cash` [ RunTime:0.0060s ]
SQL: SELECT a.*,b.username as name FROM an_member_cash as a left join an_member as b on b.id = a.member_id  WHERE a.is_pass = 0  [ RunTime:0.0010s ]
SQL: SHOW COLUMNS FROM `an_user` [ RunTime:0.0080s ]
SQL: SELECT * FROM `an_user` WHERE `session_token` = '14e275786b04b895fb23e1de0f66aafa' LIMIT 1   [ RunTime:0.0010s ]
SQL: SHOW COLUMNS FROM `an_integral_institution` [ RunTime:0.0080s ]
SQL: SELECT * FROM `an_integral_institution`  [ RunTime:0.0010s ]
INFO: [ view_parse ] --START--
INFO: [ template_filter ] --START--
INFO: Run Behavior\ContentReplaceBehavior [ RunTime:0.001000s ]
INFO: [ template_filter ] --END-- [ RunTime:0.001000s ]
INFO: Run Behavior\ParseTemplateBehavior [ RunTime:0.032002s ]
INFO: [ view_parse ] --END-- [ RunTime:0.032002s ]
INFO: [ view_filter ] --START--
INFO: Run Behavior\WriteHtmlCacheBehavior [ RunTime:0.000000s ]
INFO: [ view_filter ] --END-- [ RunTime:0.000000s ]
INFO: [ app_end ] --START--
INFO: Run Behavior\ShowPageTraceBehavior [ RunTime:0.000000s ]
INFO: [ app_end ] --END-- [ RunTime:0.000000s ]

[ 2017-07-03T11:46:40+08:00 ] 127.0.0.1 /admin/Member/addMember/sh/1-1.html
INFO: [ app_init ] --START--
INFO: Run Behavior\BuildLiteBehavior [ RunTime:0.000000s ]
INFO: [ app_init ] --END-- [ RunTime:0.000000s ]
INFO: [ app_begin ] --START--
INFO: Run Behavior\ReadHtmlCacheBehavior [ RunTime:0.000000s ]
INFO: [ app_begin ] --END-- [ RunTime:0.000000s ]
SQL: SHOW COLUMNS FROM `an_system` [ RunTime:0.0150s ]
SQL: SELECT * FROM `an_system` WHERE `id` = 1 LIMIT 1   [ RunTime:0.0000s ]
SQL: SHOW COLUMNS FROM `an_project` [ RunTime:0.0070s ]
SQL: SELECT * FROM `an_project`  [ RunTime:0.0000s ]
SQL: SHOW COLUMNS FROM `an_member_consult` [ RunTime:0.0060s ]
SQL: SELECT a.*,b.username as name FROM an_member_consult as a left join an_member as b on b.id = a.member_id  WHERE a.status = 0  [ RunTime:0.0000s ]
SQL: SHOW COLUMNS FROM `an_member_recharge` [ RunTime:0.0070s ]
SQL: SELECT a.*,b.username as name FROM an_member_recharge as a left join an_member as b on b.id = a.member_id  WHERE a.is_pass = 0  [ RunTime:0.0010s ]
SQL: SHOW COLUMNS FROM `an_member_cash` [ RunTime:0.0060s ]
SQL: SELECT a.*,b.username as name FROM an_member_cash as a left join an_member as b on b.id = a.member_id  WHERE a.is_pass = 0  [ RunTime:0.0010s ]
SQL: SHOW COLUMNS FROM `an_user` [ RunTime:0.0060s ]
SQL: SELECT * FROM `an_user` WHERE `session_token` = '14e275786b04b895fb23e1de0f66aafa' LIMIT 1   [ RunTime:0.0010s ]
SQL: SHOW COLUMNS FROM `an_integral_institution` [ RunTime:0.0060s ]
SQL: SELECT * FROM `an_integral_institution`  [ RunTime:0.0010s ]
INFO: [ view_parse ] --START--
INFO: [ template_filter ] --START--
INFO: Run Behavior\ContentReplaceBehavior [ RunTime:0.001000s ]
INFO: [ template_filter ] --END-- [ RunTime:0.001000s ]
INFO: Run Behavior\ParseTemplateBehavior [ RunTime:0.029002s ]
INFO: [ view_parse ] --END-- [ RunTime:0.029002s ]
INFO: [ view_filter ] --START--
INFO: Run Behavior\WriteHtmlCacheBehavior [ RunTime:0.000000s ]
INFO: [ view_filter ] --END-- [ RunTime:0.000000s ]
INFO: [ app_end ] --START--
INFO: Run Behavior\ShowPageTraceBehavior [ RunTime:0.001000s ]
INFO: [ app_end ] --END-- [ RunTime:0.001000s ]

[ 2017-07-03T11:46:50+08:00 ] 127.0.0.1 /admin/Common/getTrans.html
INFO: [ app_init ] --START--
INFO: Run Behavior\BuildLiteBehavior [ RunTime:0.000000s ]
INFO: [ app_init ] --END-- [ RunTime:0.001000s ]
INFO: [ app_begin ] --START--
INFO: Run Behavior\ReadHtmlCacheBehavior [ RunTime:0.002000s ]
INFO: [ app_begin ] --END-- [ RunTime:0.002000s ]
SQL: SHOW COLUMNS FROM `an_system` [ RunTime:0.0130s ]
SQL: SELECT * FROM `an_system` WHERE `id` = 1 LIMIT 1   [ RunTime:0.0010s ]
SQL: SHOW COLUMNS FROM `an_project` [ RunTime:0.0140s ]
SQL: SELECT * FROM `an_project`  [ RunTime:0.0020s ]
SQL: SHOW COLUMNS FROM `an_member_consult` [ RunTime:0.0130s ]
SQL: SELECT a.*,b.username as name FROM an_member_consult as a left join an_member as b on b.id = a.member_id  WHERE a.status = 0  [ RunTime:0.0020s ]
SQL: SHOW COLUMNS FROM `an_member_recharge` [ RunTime:0.0120s ]
SQL: SELECT a.*,b.username as name FROM an_member_recharge as a left join an_member as b on b.id = a.member_id  WHERE a.is_pass = 0  [ RunTime:0.0010s ]
SQL: SHOW COLUMNS FROM `an_member_cash` [ RunTime:0.0130s ]
SQL: SELECT a.*,b.username as name FROM an_member_cash as a left join an_member as b on b.id = a.member_id  WHERE a.is_pass = 0  [ RunTime:0.0010s ]
SQL: SHOW COLUMNS FROM `an_user` [ RunTime:0.0130s ]
SQL: SELECT * FROM `an_user` WHERE `session_token` = '14e275786b04b895fb23e1de0f66aafa' LIMIT 1   [ RunTime:0.0020s ]
SQL: SELECT a.*,b.username as name FROM an_member_consult as a left join an_member as b on b.id = a.member_id  WHERE a.status = 0  [ RunTime:0.0010s ]
SQL: SELECT a.*,b.username as name FROM an_member_recharge as a left join an_member as b on b.id = a.member_id  WHERE a.is_pass = 0  [ RunTime:0.0010s ]
SQL: SELECT a.*,b.username as name FROM an_member_cash as a left join an_member as b on b.id = a.member_id  WHERE a.is_pass = 0  [ RunTime:0.0020s ]

[ 2017-07-03T11:46:56+08:00 ] 127.0.0.1 /Admin/Member/addMember
INFO: [ app_init ] --START--
INFO: Run Behavior\BuildLiteBehavior [ RunTime:0.000000s ]
INFO: [ app_init ] --END-- [ RunTime:0.000000s ]
INFO: [ app_begin ] --START--
INFO: Run Behavior\ReadHtmlCacheBehavior [ RunTime:0.000000s ]
INFO: [ app_begin ] --END-- [ RunTime:0.000000s ]
SQL: SHOW COLUMNS FROM `an_system` [ RunTime:0.0110s ]
SQL: SELECT * FROM `an_system` WHERE `id` = 1 LIMIT 1   [ RunTime:0.0010s ]
SQL: SHOW COLUMNS FROM `an_project` [ RunTime:0.0110s ]
SQL: SELECT * FROM `an_project`  [ RunTime:0.0010s ]
SQL: SHOW COLUMNS FROM `an_member_consult` [ RunTime:0.0120s ]
SQL: SELECT a.*,b.username as name FROM an_member_consult as a left join an_member as b on b.id = a.member_id  WHERE a.status = 0  [ RunTime:0.0010s ]
SQL: SHOW COLUMNS FROM `an_member_recharge` [ RunTime:0.0110s ]
SQL: SELECT a.*,b.username as name FROM an_member_recharge as a left join an_member as b on b.id = a.member_id  WHERE a.is_pass = 0  [ RunTime:0.0010s ]
SQL: SHOW COLUMNS FROM `an_member_cash` [ RunTime:0.0110s ]
SQL: SELECT a.*,b.username as name FROM an_member_cash as a left join an_member as b on b.id = a.member_id  WHERE a.is_pass = 0  [ RunTime:0.0020s ]
SQL: SHOW COLUMNS FROM `an_user` [ RunTime:0.0110s ]
SQL: SELECT * FROM `an_user` WHERE `session_token` = '14e275786b04b895fb23e1de0f66aafa' LIMIT 1   [ RunTime:0.0010s ]
SQL: SHOW COLUMNS FROM `an_member` [ RunTime:0.0120s ]
SQL: SELECT * FROM `an_member` WHERE `username` = '15828562743' LIMIT 1   [ RunTime:0.0010s ]
SQL: SHOW COLUMNS FROM `an_integral_institution` [ RunTime:0.0100s ]
SQL: SELECT * FROM `an_integral_institution`  [ RunTime:0.0020s ]
NOTIC: [8] Undefined offset: 0 D:\phpStudy\WWW\anbl\ThinkPHP\Library\Think\Db\Driver.class.php 第 803 行.
SQL: INSERT INTO `an_member` (`username`,`last_ip`,`password`,`ori_password`,`money`,`create_time`,`is_allowed_recharge`,`invite_key`,`parent_id`,`level`,`safe_level`,`class`) VALUES ('15828562743','127.0.0.1','e10adc3949ba59abbe56e057f20f883e','123456','0','1499053616','1','7zjSZ0J','0','0','1','0') [ RunTime:0.0020s ]

[ 2017-07-03T11:46:56+08:00 ] 127.0.0.1 /Admin/Member/select
INFO: [ app_init ] --START--
INFO: Run Behavior\BuildLiteBehavior [ RunTime:0.000000s ]
INFO: [ app_init ] --END-- [ RunTime:0.000000s ]
INFO: [ app_begin ] --START--
INFO: Run Behavior\ReadHtmlCacheBehavior [ RunTime:0.000000s ]
INFO: [ app_begin ] --END-- [ RunTime:0.000000s ]
SQL: SHOW COLUMNS FROM `an_system` [ RunTime:0.0090s ]
SQL: SELECT * FROM `an_system` WHERE `id` = 1 LIMIT 1   [ RunTime:0.0010s ]
SQL: SHOW COLUMNS FROM `an_project` [ RunTime:0.0070s ]
SQL: SELECT * FROM `an_project`  [ RunTime:0.0010s ]
SQL: SHOW COLUMNS FROM `an_member_consult` [ RunTime:0.0080s ]
SQL: SELECT a.*,b.username as name FROM an_member_consult as a left join an_member as b on b.id = a.member_id  WHERE a.status = 0  [ RunTime:0.0010s ]
SQL: SHOW COLUMNS FROM `an_member_recharge` [ RunTime:0.0070s ]
SQL: SELECT a.*,b.username as name FROM an_member_recharge as a left join an_member as b on b.id = a.member_id  WHERE a.is_pass = 0  [ RunTime:0.0010s ]
SQL: SHOW COLUMNS FROM `an_member_cash` [ RunTime:0.0060s ]
SQL: SELECT a.*,b.username as name FROM an_member_cash as a left join an_member as b on b.id = a.member_id  WHERE a.is_pass = 0  [ RunTime:0.0010s ]
SQL: SHOW COLUMNS FROM `an_user` [ RunTime:0.0070s ]
SQL: SELECT * FROM `an_user` WHERE `session_token` = '14e275786b04b895fb23e1de0f66aafa' LIMIT 1   [ RunTime:0.0000s ]
NOTIC: [8] Undefined index: username D:\phpStudy\WWW\anbl\Application\Admin\Controller\MemberController.class.php 第 28 行.
NOTIC: [8] Undefined index: money D:\phpStudy\WWW\anbl\Application\Admin\Controller\MemberController.class.php 第 40 行.
NOTIC: [8] Undefined index: province D:\phpStudy\WWW\anbl\Application\Admin\Controller\MemberController.class.php 第 53 行.
NOTIC: [8] Undefined index: city D:\phpStudy\WWW\anbl\Application\Admin\Controller\MemberController.class.php 第 53 行.
NOTIC: [8] Undefined index: county D:\phpStudy\WWW\anbl\Application\Admin\Controller\MemberController.class.php 第 53 行.
SQL: SHOW COLUMNS FROM `an_member` [ RunTime:0.0060s ]
SQL: SELECT COUNT(*) AS tp_count FROM `an_member` ORDER BY create_time desc  LIMIT 1   [ RunTime:0.0010s ]
SQL: SELECT * FROM `an_member` ORDER BY create_time desc  LIMIT 0,15   [ RunTime:0.0000s ]
INFO: [ view_parse ] --START--
INFO: [ template_filter ] --START--
INFO: Run Behavior\ContentReplaceBehavior [ RunTime:0.001000s ]
INFO: [ template_filter ] --END-- [ RunTime:0.001000s ]
INFO: Run Behavior\ParseTemplateBehavior [ RunTime:0.033002s ]
INFO: [ view_parse ] --END-- [ RunTime:0.033002s ]
INFO: [ view_filter ] --START--
INFO: Run Behavior\WriteHtmlCacheBehavior [ RunTime:0.000000s ]
INFO: [ view_filter ] --END-- [ RunTime:0.000000s ]
INFO: [ app_end ] --START--
INFO: Run Behavior\ShowPageTraceBehavior [ RunTime:0.000000s ]
INFO: [ app_end ] --END-- [ RunTime:0.000000s ]

[ 2017-07-03T11:46:56+08:00 ] 127.0.0.1 /Admin/Member/select
INFO: [ app_init ] --START--
INFO: Run Behavior\BuildLiteBehavior [ RunTime:0.000000s ]
INFO: [ app_init ] --END-- [ RunTime:0.001000s ]
INFO: [ app_begin ] --START--
INFO: Run Behavior\ReadHtmlCacheBehavior [ RunTime:0.000000s ]
INFO: [ app_begin ] --END-- [ RunTime:0.000000s ]
SQL: SHOW COLUMNS FROM `an_system` [ RunTime:0.0060s ]
SQL: SELECT * FROM `an_system` WHERE `id` = 1 LIMIT 1   [ RunTime:0.0000s ]
SQL: SHOW COLUMNS FROM `an_project` [ RunTime:0.0080s ]
SQL: SELECT * FROM `an_project`  [ RunTime:0.0000s ]
SQL: SHOW COLUMNS FROM `an_member_consult` [ RunTime:0.0060s ]
SQL: SELECT a.*,b.username as name FROM an_member_consult as a left join an_member as b on b.id = a.member_id  WHERE a.status = 0  [ RunTime:0.0010s ]
SQL: SHOW COLUMNS FROM `an_member_recharge` [ RunTime:0.0060s ]
SQL: SELECT a.*,b.username as name FROM an_member_recharge as a left join an_member as b on b.id = a.member_id  WHERE a.is_pass = 0  [ RunTime:0.0010s ]
SQL: SHOW COLUMNS FROM `an_member_cash` [ RunTime:0.0060s ]
SQL: SELECT a.*,b.username as name FROM an_member_cash as a left join an_member as b on b.id = a.member_id  WHERE a.is_pass = 0  [ RunTime:0.0010s ]
SQL: SHOW COLUMNS FROM `an_user` [ RunTime:0.0070s ]
SQL: SELECT * FROM `an_user` WHERE `session_token` = '14e275786b04b895fb23e1de0f66aafa' LIMIT 1   [ RunTime:0.0010s ]
NOTIC: [8] Undefined index: username D:\phpStudy\WWW\anbl\Application\Admin\Controller\MemberController.class.php 第 28 行.
NOTIC: [8] Undefined index: money D:\phpStudy\WWW\anbl\Application\Admin\Controller\MemberController.class.php 第 40 行.
NOTIC: [8] Undefined index: province D:\phpStudy\WWW\anbl\Application\Admin\Controller\MemberController.class.php 第 53 行.
NOTIC: [8] Undefined index: city D:\phpStudy\WWW\anbl\Application\Admin\Controller\MemberController.class.php 第 53 行.
NOTIC: [8] Undefined index: county D:\phpStudy\WWW\anbl\Application\Admin\Controller\MemberController.class.php 第 53 行.
SQL: SHOW COLUMNS FROM `an_member` [ RunTime:0.0070s ]
SQL: SELECT COUNT(*) AS tp_count FROM `an_member` ORDER BY create_time desc  LIMIT 1   [ RunTime:0.0000s ]
SQL: SELECT * FROM `an_member` ORDER BY create_time desc  LIMIT 0,15   [ RunTime:0.0010s ]
INFO: [ view_parse ] --START--
INFO: [ template_filter ] --START--
INFO: Run Behavior\ContentReplaceBehavior [ RunTime:0.001000s ]
INFO: [ template_filter ] --END-- [ RunTime:0.001000s ]
INFO: Run Behavior\ParseTemplateBehavior [ RunTime:0.032002s ]
INFO: [ view_parse ] --END-- [ RunTime:0.032002s ]
INFO: [ view_filter ] --START--
INFO: Run Behavior\WriteHtmlCacheBehavior [ RunTime:0.000000s ]
INFO: [ view_filter ] --END-- [ RunTime:0.000000s ]
INFO: [ app_end ] --START--
INFO: Run Behavior\ShowPageTraceBehavior [ RunTime:0.001000s ]
INFO: [ app_end ] --END-- [ RunTime:0.001000s ]

